#
# There is insufficient memory for the Java Runtime Environment to continue.
# Native memory allocation (mmap) failed to map 97517568 bytes. Error detail: G1 virtual space
# Possible reasons:
#   The system is out of physical RAM or swap space
#   This process is running with CompressedOops enabled, and the Java Heap may be blocking the growth of the native heap
# Possible solutions:
#   Reduce memory load on the system
#   Increase physical memory or swap space
#   Check if swap backing store is full
#   Decrease Java heap size (-Xmx/-Xms)
#   Decrease number of Java threads
#   Decrease Java thread stack sizes (-Xss)
#   Set larger code cache with -XX:ReservedCodeCacheSize=
#   JVM is running with Unscaled Compressed Oops mode in which the Java heap is
#     placed in the first 4GB address space. The Java Heap base address is the
#     maximum limit for the native heap growth. Please use -XX:HeapBaseMinAddress
#     to set the Java Heap base and to place the Java Heap above 4GB virtual address.
# This output file may be truncated or incomplete.
#
#  Out of Memory Error (os_windows.cpp:3828), pid=16980, tid=1452
#
# JRE version: OpenJDK Runtime Environment (21.0.5) (build 21.0.5+-12932927-b750.29)
# Java VM: OpenJDK 64-Bit Server VM (21.0.5+-12932927-b750.29, mixed mode, tiered, compressed oops, compressed class ptrs, g1 gc, windows-amd64)
# No core dump will be written. Minidumps are not enabled by default on client versions of Windows
#

---------------  S U M M A R Y ------------

Command Line: -XX:MaxMetaspaceSize=512m --add-opens=java.base/java.util=ALL-UNNAMED --add-opens=java.base/java.lang=ALL-UNNAMED --add-opens=java.base/java.lang.invoke=ALL-UNNAMED --add-opens=java.prefs/java.util.prefs=ALL-UNNAMED --add-exports=jdk.compiler/com.sun.tools.javac.api=ALL-UNNAMED --add-exports=jdk.compiler/com.sun.tools.javac.util=ALL-UNNAMED --add-opens=java.base/java.nio.charset=ALL-UNNAMED --add-opens=java.base/java.net=ALL-UNNAMED --add-opens=java.base/java.util.concurrent.atomic=ALL-UNNAMED -Xmx2048m -Dfile.encoding=UTF-8 -Duser.country=US -Duser.language=en -Duser.variant -javaagent:C:\Users\alivi\.gradle\wrapper\dists\gradle-8.10.2-all\7iv73wktx1xtkvlq19urqw1wm\gradle-8.10.2\lib\agents\gradle-instrumentation-agent-8.10.2.jar org.gradle.launcher.daemon.bootstrap.GradleDaemon 8.10.2

Host: Intel(R) Core(TM) i5-6400 CPU @ 2.70GHz, 4 cores, 15G,  Windows 10 , 64 bit Build 19041 (10.0.19041.5678)
Time: Mon Apr 14 18:25:37 2025 Pakistan Standard Time elapsed time: 99.040185 seconds (0d 0h 1m 39s)

---------------  T H R E A D  ---------------

Current thread (0x00000280c84050f0):  VMThread "VM Thread"          [id=1452, stack(0x0000008d43c00000,0x0000008d43d00000) (1024K)]

Stack: [0x0000008d43c00000,0x0000008d43d00000]
Native frames: (J=compiled Java code, j=interpreted, Vv=VM code, C=native code)
V  [jvm.dll+0x6cfb29]
V  [jvm.dll+0x85ded3]
V  [jvm.dll+0x86042e]
V  [jvm.dll+0x860b13]
V  [jvm.dll+0x27e6b6]
V  [jvm.dll+0x6cc385]
V  [jvm.dll+0x6c078a]
V  [jvm.dll+0x35525b]
V  [jvm.dll+0x35ceb6]
V  [jvm.dll+0x3aedd6]
V  [jvm.dll+0x3af0a8]
V  [jvm.dll+0x32792c]
V  [jvm.dll+0x32a336]
V  [jvm.dll+0x33426d]
V  [jvm.dll+0x36b8e5]
V  [jvm.dll+0x866898]
V  [jvm.dll+0x867c14]
V  [jvm.dll+0x868150]
V  [jvm.dll+0x8683e3]
V  [jvm.dll+0x806368]
V  [jvm.dll+0x6ce3fd]
C  [ucrtbase.dll+0x21bb2]
C  [KERNEL32.DLL+0x17374]
C  [ntdll.dll+0x4cc91]

VM_Operation (0x0000008d437ff450): G1PauseRemark, mode: safepoint, requested by thread 0x00000280af31bfa0


---------------  P R O C E S S  ---------------

Threads class SMR info:
_java_thread_list=0x00000280d0d14bd0, length=46, elements={
0x00000280af252f00, 0x00000280c848de70, 0x00000280c8490b90, 0x00000280c84925f0,
0x00000280c8493040, 0x00000280c8493a90, 0x00000280c84944e0, 0x00000280c849d540,
0x00000280c8511db0, 0x00000280c85e5580, 0x00000280cd0d9a70, 0x00000280ce7ca600,
0x00000280cdda7b80, 0x00000280cd8ee870, 0x00000280cd8d6440, 0x00000280cd194610,
0x00000280cdb8a060, 0x00000280cdb5d4a0, 0x00000280ce9dd030, 0x00000280ce9dd690,
0x00000280ce9ddcf0, 0x00000280cee878e0, 0x00000280cee89320, 0x00000280cee86bc0,
0x00000280cee87f70, 0x00000280cee88600, 0x00000280cee88c90, 0x00000280cee899b0,
0x00000280cee86530, 0x00000280cee87250, 0x00000280c863ed50, 0x00000280c86414b0,
0x00000280c863a520, 0x00000280c8641b40, 0x00000280c863cc80, 0x00000280c863d310,
0x00000280c863b8d0, 0x00000280c863bf60, 0x00000280c8640790, 0x00000280c8640e20,
0x00000280c863d9a0, 0x00000280c863e6c0, 0x00000280c8640100, 0x00000280c863abb0,
0x00000280c863f3e0, 0x00000280c863fa70
}

Java Threads: ( => current thread )
  0x00000280af252f00 JavaThread "main"                              [_thread_blocked, id=17116, stack(0x0000008d43500000,0x0000008d43600000) (1024K)]
  0x00000280c848de70 JavaThread "Reference Handler"          daemon [_thread_blocked, id=7236, stack(0x0000008d43d00000,0x0000008d43e00000) (1024K)]
  0x00000280c8490b90 JavaThread "Finalizer"                  daemon [_thread_blocked, id=6900, stack(0x0000008d43e00000,0x0000008d43f00000) (1024K)]
  0x00000280c84925f0 JavaThread "Signal Dispatcher"          daemon [_thread_blocked, id=6276, stack(0x0000008d43f00000,0x0000008d44000000) (1024K)]
  0x00000280c8493040 JavaThread "Attach Listener"            daemon [_thread_blocked, id=9596, stack(0x0000008d44000000,0x0000008d44100000) (1024K)]
  0x00000280c8493a90 JavaThread "Service Thread"             daemon [_thread_blocked, id=20300, stack(0x0000008d44100000,0x0000008d44200000) (1024K)]
  0x00000280c84944e0 JavaThread "Monitor Deflation Thread"   daemon [_thread_blocked, id=16596, stack(0x0000008d44200000,0x0000008d44300000) (1024K)]
  0x00000280c849d540 JavaThread "C2 CompilerThread0"         daemon [_thread_blocked, id=4288, stack(0x0000008d44300000,0x0000008d44400000) (1024K)]
  0x00000280c8511db0 JavaThread "C1 CompilerThread0"         daemon [_thread_blocked, id=13248, stack(0x0000008d44400000,0x0000008d44500000) (1024K)]
  0x00000280c85e5580 JavaThread "Common-Cleaner"             daemon [_thread_blocked, id=19124, stack(0x0000008d44500000,0x0000008d44600000) (1024K)]
  0x00000280cd0d9a70 JavaThread "Notification Thread"        daemon [_thread_blocked, id=15200, stack(0x0000008d44600000,0x0000008d44700000) (1024K)]
  0x00000280ce7ca600 JavaThread "Daemon health stats"               [_thread_blocked, id=9760, stack(0x0000008d44a00000,0x0000008d44b00000) (1024K)]
  0x00000280cdda7b80 JavaThread "Incoming local TCP Connector on port 58034"        [_thread_in_native, id=15464, stack(0x0000008d44b00000,0x0000008d44c00000) (1024K)]
  0x00000280cd8ee870 JavaThread "Daemon periodic checks"            [_thread_blocked, id=16968, stack(0x0000008d44c00000,0x0000008d44d00000) (1024K)]
  0x00000280cd8d6440 JavaThread "Daemon"                            [_thread_blocked, id=11180, stack(0x0000008d44d00000,0x0000008d44e00000) (1024K)]
  0x00000280cd194610 JavaThread "Handler for socket connection from /127.0.0.1:58034 to /127.0.0.1:58035"        [_thread_in_native, id=3720, stack(0x0000008d44e00000,0x0000008d44f00000) (1024K)]
  0x00000280cdb8a060 JavaThread "Cancel handler"                    [_thread_blocked, id=7352, stack(0x0000008d44f00000,0x0000008d45000000) (1024K)]
  0x00000280cdb5d4a0 JavaThread "Daemon worker"                     [_thread_blocked, id=1684, stack(0x0000008d45000000,0x0000008d45100000) (1024K)]
  0x00000280ce9dd030 JavaThread "Asynchronous log dispatcher for DefaultDaemonConnection: socket connection from /127.0.0.1:58034 to /127.0.0.1:58035"        [_thread_blocked, id=8340, stack(0x0000008d45100000,0x0000008d45200000) (1024K)]
  0x00000280ce9dd690 JavaThread "Stdin handler"                     [_thread_blocked, id=10568, stack(0x0000008d45200000,0x0000008d45300000) (1024K)]
  0x00000280ce9ddcf0 JavaThread "Daemon client event forwarder"        [_thread_blocked, id=3140, stack(0x0000008d45300000,0x0000008d45400000) (1024K)]
  0x00000280cee878e0 JavaThread "Cache worker for journal cache (C:\Users\alivi\.gradle\caches\journal-1)"        [_thread_blocked, id=4568, stack(0x0000008d45400000,0x0000008d45500000) (1024K)]
  0x00000280cee89320 JavaThread "File lock request listener"        [_thread_in_native, id=19112, stack(0x0000008d45500000,0x0000008d45600000) (1024K)]
  0x00000280cee86bc0 JavaThread "Cache worker for file hash cache (C:\Users\alivi\.gradle\caches\8.10.2\fileHashes)"        [_thread_blocked, id=15008, stack(0x0000008d45600000,0x0000008d45700000) (1024K)]
  0x00000280cee87f70 JavaThread "Cache worker for file hash cache (C:\Users\alivi\source\AZGARD9\AZGARD9\android\.gradle\8.10.2\fileHashes)"        [_thread_blocked, id=5508, stack(0x0000008d45800000,0x0000008d45900000) (1024K)]
  0x00000280cee88600 JavaThread "Cache worker for Build Output Cleanup Cache (C:\Users\alivi\source\AZGARD9\AZGARD9\android\.gradle\buildOutputCleanup)"        [_thread_blocked, id=10580, stack(0x0000008d45900000,0x0000008d45a00000) (1024K)]
  0x00000280cee88c90 JavaThread "File watcher server"        daemon [_thread_in_native, id=4036, stack(0x0000008d45700000,0x0000008d45800000) (1024K)]
  0x00000280cee899b0 JavaThread "File watcher consumer"      daemon [_thread_blocked, id=18548, stack(0x0000008d45a00000,0x0000008d45b00000) (1024K)]
  0x00000280cee86530 JavaThread "jar transforms"                    [_thread_blocked, id=15984, stack(0x0000008d45b00000,0x0000008d45c00000) (1024K)]
  0x00000280cee87250 JavaThread "jar transforms Thread 2"           [_thread_blocked, id=6952, stack(0x0000008d45c00000,0x0000008d45d00000) (1024K)]
  0x00000280c863ed50 JavaThread "jar transforms Thread 3"           [_thread_blocked, id=10572, stack(0x0000008d45d00000,0x0000008d45e00000) (1024K)]
  0x00000280c86414b0 JavaThread "jar transforms Thread 4"           [_thread_blocked, id=1888, stack(0x0000008d45e00000,0x0000008d45f00000) (1024K)]
  0x00000280c863a520 JavaThread "Cache worker for checksums cache (C:\Users\alivi\source\AZGARD9\AZGARD9\android\.gradle\8.10.2\checksums)"        [_thread_blocked, id=10112, stack(0x0000008d46000000,0x0000008d46100000) (1024K)]
  0x00000280c8641b40 JavaThread "Cache worker for file content cache (C:\Users\alivi\.gradle\caches\8.10.2\fileContent)"        [_thread_blocked, id=1400, stack(0x0000008d46100000,0x0000008d46200000) (1024K)]
  0x00000280c863cc80 JavaThread "Cache worker for cache directory md-rule (C:\Users\alivi\.gradle\caches\8.10.2\md-rule)"        [_thread_blocked, id=19436, stack(0x0000008d46200000,0x0000008d46300000) (1024K)]
  0x00000280c863d310 JavaThread "Cache worker for cache directory md-supplier (C:\Users\alivi\.gradle\caches\8.10.2\md-supplier)"        [_thread_blocked, id=15668, stack(0x0000008d46300000,0x0000008d46400000) (1024K)]
  0x00000280c863b8d0 JavaThread "Unconstrained build operations"        [_thread_blocked, id=17440, stack(0x0000008d43300000,0x0000008d43400000) (1024K)]
  0x00000280c863bf60 JavaThread "Unconstrained build operations Thread 2"        [_thread_blocked, id=9184, stack(0x0000008d45f00000,0x0000008d46000000) (1024K)]
  0x00000280c8640790 JavaThread "Unconstrained build operations Thread 3"        [_thread_blocked, id=18168, stack(0x0000008d46400000,0x0000008d46500000) (1024K)]
  0x00000280c8640e20 JavaThread "Unconstrained build operations Thread 4"        [_thread_blocked, id=12048, stack(0x0000008d46500000,0x0000008d46600000) (1024K)]
  0x00000280c863d9a0 JavaThread "Unconstrained build operations Thread 5"        [_thread_blocked, id=19956, stack(0x0000008d43200000,0x0000008d43300000) (1024K)]
  0x00000280c863e6c0 JavaThread "Unconstrained build operations Thread 6"        [_thread_blocked, id=12716, stack(0x0000008d46600000,0x0000008d46700000) (1024K)]
  0x00000280c8640100 JavaThread "Unconstrained build operations Thread 7"        [_thread_blocked, id=14684, stack(0x0000008d46700000,0x0000008d46800000) (1024K)]
  0x00000280c863abb0 JavaThread "Unconstrained build operations Thread 8"        [_thread_blocked, id=1824, stack(0x0000008d46800000,0x0000008d46900000) (1024K)]
  0x00000280c863f3e0 JavaThread "Unconstrained build operations Thread 9"        [_thread_blocked, id=15384, stack(0x0000008d46900000,0x0000008d46a00000) (1024K)]
  0x00000280c863fa70 JavaThread "Unconstrained build operations Thread 10"        [_thread_blocked, id=9928, stack(0x0000008d46a00000,0x0000008d46b00000) (1024K)]
Total: 46

Other Threads:
=>0x00000280c84050f0 VMThread "VM Thread"                           [id=1452, stack(0x0000008d43c00000,0x0000008d43d00000) (1024K)]
  0x00000280c828a1d0 WatcherThread "VM Periodic Task Thread"        [id=7828, stack(0x0000008d43b00000,0x0000008d43c00000) (1024K)]
  0x00000280b1479580 WorkerThread "GC Thread#0"                     [id=3256, stack(0x0000008d43600000,0x0000008d43700000) (1024K)]
  0x00000280cd0dd590 WorkerThread "GC Thread#1"                     [id=8068, stack(0x0000008d44700000,0x0000008d44800000) (1024K)]
  0x00000280cd0f90a0 WorkerThread "GC Thread#2"                     [id=12308, stack(0x0000008d44800000,0x0000008d44900000) (1024K)]
  0x00000280cd0f9440 WorkerThread "GC Thread#3"                     [id=2868, stack(0x0000008d44900000,0x0000008d44a00000) (1024K)]
  0x00000280af31bfa0 ConcurrentGCThread "G1 Main Marker"            [id=7992, stack(0x0000008d43700000,0x0000008d43800000) (1024K)]
  0x00000280af31c9b0 WorkerThread "G1 Conc#0"                       [id=6464, stack(0x0000008d43800000,0x0000008d43900000) (1024K)]
  0x00000280c8163270 ConcurrentGCThread "G1 Refine#0"               [id=18912, stack(0x0000008d43900000,0x0000008d43a00000) (1024K)]
  0x00000280c8163c00 ConcurrentGCThread "G1 Service"                [id=14860, stack(0x0000008d43a00000,0x0000008d43b00000) (1024K)]
Total: 10

Threads with active compile tasks:
Total: 0

VM state: at safepoint (normal execution)

VM Mutex/Monitor currently owned by a thread:  ([mutex/lock_event])
[0x00007ffe4262d360] Threads_lock - owner thread: 0x00000280c84050f0
[0x00007ffe4262d460] Heap_lock - owner thread: 0x00000280af31bfa0

Heap address: 0x0000000080000000, size: 2048 MB, Compressed Oops mode: 32-bit

CDS archive(s) not mapped
Compressed class space mapped at: 0x0000000100000000-0x000000011a000000, reserved size: 436207616
Narrow klass base: 0x0000000000000000, Narrow klass shift: 3, Narrow klass range: 0x11a000000

GC Precious Log:
 CardTable entry size: 512
 Card Set container configuration: InlinePtr #cards 5 size 8 Array Of Cards #cards 12 size 40 Howl #buckets 4 coarsen threshold 1843 Howl Bitmap #cards 512 size 80 coarsen threshold 460 Card regions per heap region 1 cards per card region 2048
 CPUs: 4 total, 4 available
 Memory: 16271M
 Large Page Support: Disabled
 NUMA Support: Disabled
 Compressed Oops: Enabled (32-bit)
 Heap Region Size: 1M
 Heap Min Capacity: 8M
 Heap Initial Capacity: 256M
 Heap Max Capacity: 2G
 Pre-touch: Disabled
 Parallel Workers: 4
 Concurrent Workers: 1
 Concurrent Refinement Workers: 4
 Periodic GC: Disabled

Heap:
 garbage-first heap   total 237568K, used 200192K [0x0000000080000000, 0x0000000100000000)
  region size 1024K, 6 young (6144K), 4 survivors (4096K)
 Metaspace       used 65049K, committed 66496K, reserved 491520K
  class space    used 8690K, committed 9408K, reserved 425984K

Heap Regions: E=young(eden), S=young(survivor), O=old, HS=humongous(starts), HC=humongous(continues), CS=collection set, F=free, TAMS=top-at-mark-start, PB=parsable bottom
|   0|0x0000000080000000, 0x0000000080100000, 0x0000000080100000|100%|HS|  |TAMS 0x0000000080100000| PB 0x0000000080000000| Complete 
|   1|0x0000000080100000, 0x0000000080200000, 0x0000000080200000|100%|HC|  |TAMS 0x0000000080200000| PB 0x0000000080100000| Complete 
|   2|0x0000000080200000, 0x0000000080300000, 0x0000000080300000|100%|HC|  |TAMS 0x0000000080300000| PB 0x0000000080200000| Complete 
|   3|0x0000000080300000, 0x0000000080400000, 0x0000000080400000|100%|HC|  |TAMS 0x0000000080400000| PB 0x0000000080300000| Complete 
|   4|0x0000000080400000, 0x0000000080500000, 0x0000000080500000|100%| O|  |TAMS 0x0000000080500000| PB 0x0000000080500000| Untracked 
|   5|0x0000000080500000, 0x0000000080600000, 0x0000000080600000|100%| O|  |TAMS 0x0000000080600000| PB 0x0000000080600000| Untracked 
|   6|0x0000000080600000, 0x0000000080700000, 0x0000000080700000|100%| O|  |TAMS 0x0000000080700000| PB 0x0000000080700000| Untracked 
|   7|0x0000000080700000, 0x0000000080800000, 0x0000000080800000|100%| O|  |TAMS 0x0000000080800000| PB 0x0000000080800000| Untracked 
|   8|0x0000000080800000, 0x0000000080900000, 0x0000000080900000|100%|HS|  |TAMS 0x0000000080900000| PB 0x0000000080800000| Complete 
|   9|0x0000000080900000, 0x0000000080a00000, 0x0000000080a00000|100%| O|  |TAMS 0x0000000080a00000| PB 0x0000000080a00000| Untracked 
|  10|0x0000000080a00000, 0x0000000080b00000, 0x0000000080b00000|100%| O|  |TAMS 0x0000000080b00000| PB 0x0000000080b00000| Untracked 
|  11|0x0000000080b00000, 0x0000000080c00000, 0x0000000080c00000|100%| O|  |TAMS 0x0000000080c00000| PB 0x0000000080c00000| Untracked 
|  12|0x0000000080c00000, 0x0000000080d00000, 0x0000000080d00000|100%| O|  |TAMS 0x0000000080d00000| PB 0x0000000080d00000| Untracked 
|  13|0x0000000080d00000, 0x0000000080e00000, 0x0000000080e00000|100%| O|  |TAMS 0x0000000080e00000| PB 0x0000000080e00000| Untracked 
|  14|0x0000000080e00000, 0x0000000080f00000, 0x0000000080f00000|100%| O|  |TAMS 0x0000000080f00000| PB 0x0000000080f00000| Untracked 
|  15|0x0000000080f00000, 0x0000000081000000, 0x0000000081000000|100%| O|  |TAMS 0x0000000081000000| PB 0x0000000081000000| Untracked 
|  16|0x0000000081000000, 0x0000000081100000, 0x0000000081100000|100%| O|  |TAMS 0x0000000081100000| PB 0x0000000081100000| Untracked 
|  17|0x0000000081100000, 0x0000000081200000, 0x0000000081200000|100%| O|  |TAMS 0x0000000081200000| PB 0x0000000081200000| Untracked 
|  18|0x0000000081200000, 0x0000000081300000, 0x0000000081300000|100%| O|  |TAMS 0x0000000081300000| PB 0x0000000081300000| Untracked 
|  19|0x0000000081300000, 0x0000000081400000, 0x0000000081400000|100%| O|  |TAMS 0x0000000081400000| PB 0x0000000081400000| Untracked 
|  20|0x0000000081400000, 0x0000000081500000, 0x0000000081500000|100%| O|  |TAMS 0x0000000081500000| PB 0x0000000081500000| Untracked 
|  21|0x0000000081500000, 0x0000000081600000, 0x0000000081600000|100%|HS|  |TAMS 0x0000000081600000| PB 0x0000000081500000| Complete 
|  22|0x0000000081600000, 0x0000000081700000, 0x0000000081700000|100%|HC|  |TAMS 0x0000000081700000| PB 0x0000000081600000| Complete 
|  23|0x0000000081700000, 0x0000000081800000, 0x0000000081800000|100%|HC|  |TAMS 0x0000000081800000| PB 0x0000000081700000| Complete 
|  24|0x0000000081800000, 0x0000000081900000, 0x0000000081900000|100%|HC|  |TAMS 0x0000000081900000| PB 0x0000000081800000| Complete 
|  25|0x0000000081900000, 0x0000000081a00000, 0x0000000081a00000|100%|HC|  |TAMS 0x0000000081a00000| PB 0x0000000081900000| Complete 
|  26|0x0000000081a00000, 0x0000000081b00000, 0x0000000081b00000|100%|HC|  |TAMS 0x0000000081b00000| PB 0x0000000081a00000| Complete 
|  27|0x0000000081b00000, 0x0000000081c00000, 0x0000000081c00000|100%| O|  |TAMS 0x0000000081c00000| PB 0x0000000081c00000| Updating 
|  28|0x0000000081c00000, 0x0000000081d00000, 0x0000000081d00000|100%| O|  |TAMS 0x0000000081d00000| PB 0x0000000081d00000| Untracked 
|  29|0x0000000081d00000, 0x0000000081e00000, 0x0000000081e00000|100%|HS|  |TAMS 0x0000000081e00000| PB 0x0000000081d00000| Complete 
|  30|0x0000000081e00000, 0x0000000081f00000, 0x0000000081f00000|100%|HC|  |TAMS 0x0000000081f00000| PB 0x0000000081e00000| Complete 
|  31|0x0000000081f00000, 0x0000000082000000, 0x0000000082000000|100%|HS|  |TAMS 0x0000000082000000| PB 0x0000000081f00000| Complete 
|  32|0x0000000082000000, 0x0000000082100000, 0x0000000082100000|100%| O|  |TAMS 0x0000000082100000| PB 0x0000000082100000| Untracked 
|  33|0x0000000082100000, 0x0000000082200000, 0x0000000082200000|100%| O|  |TAMS 0x0000000082200000| PB 0x0000000082200000| Untracked 
|  34|0x0000000082200000, 0x0000000082300000, 0x0000000082300000|100%| O|  |TAMS 0x0000000082300000| PB 0x0000000082300000| Untracked 
|  35|0x0000000082300000, 0x0000000082400000, 0x0000000082400000|100%|HS|  |TAMS 0x0000000082400000| PB 0x0000000082300000| Complete 
|  36|0x0000000082400000, 0x0000000082500000, 0x0000000082500000|100%|HC|  |TAMS 0x0000000082500000| PB 0x0000000082400000| Complete 
|  37|0x0000000082500000, 0x0000000082600000, 0x0000000082600000|100%|HC|  |TAMS 0x0000000082600000| PB 0x0000000082500000| Complete 
|  38|0x0000000082600000, 0x0000000082700000, 0x0000000082700000|100%|HC|  |TAMS 0x0000000082700000| PB 0x0000000082600000| Complete 
|  39|0x0000000082700000, 0x0000000082800000, 0x0000000082800000|100%| O|  |TAMS 0x0000000082800000| PB 0x0000000082800000| Untracked 
|  40|0x0000000082800000, 0x0000000082900000, 0x0000000082900000|100%| O|  |TAMS 0x0000000082900000| PB 0x0000000082900000| Untracked 
|  41|0x0000000082900000, 0x0000000082a00000, 0x0000000082a00000|100%| O|  |TAMS 0x0000000082a00000| PB 0x0000000082a00000| Untracked 
|  42|0x0000000082a00000, 0x0000000082b00000, 0x0000000082b00000|100%| O|  |TAMS 0x0000000082b00000| PB 0x0000000082b00000| Untracked 
|  43|0x0000000082b00000, 0x0000000082c00000, 0x0000000082c00000|100%| O|  |TAMS 0x0000000082c00000| PB 0x0000000082c00000| Untracked 
|  44|0x0000000082c00000, 0x0000000082d00000, 0x0000000082d00000|100%| O|  |TAMS 0x0000000082d00000| PB 0x0000000082d00000| Untracked 
|  45|0x0000000082d00000, 0x0000000082e00000, 0x0000000082e00000|100%| O|  |TAMS 0x0000000082e00000| PB 0x0000000082e00000| Untracked 
|  46|0x0000000082e00000, 0x0000000082f00000, 0x0000000082f00000|100%| O|  |TAMS 0x0000000082f00000| PB 0x0000000082f00000| Untracked 
|  47|0x0000000082f00000, 0x0000000083000000, 0x0000000083000000|100%| O|  |TAMS 0x0000000083000000| PB 0x0000000083000000| Untracked 
|  48|0x0000000083000000, 0x0000000083100000, 0x0000000083100000|100%| O|  |TAMS 0x0000000083100000| PB 0x0000000083100000| Untracked 
|  49|0x0000000083100000, 0x0000000083200000, 0x0000000083200000|100%| O|  |TAMS 0x0000000083200000| PB 0x0000000083200000| Untracked 
|  50|0x0000000083200000, 0x0000000083300000, 0x0000000083300000|100%| O|  |TAMS 0x0000000083300000| PB 0x0000000083300000| Untracked 
|  51|0x0000000083300000, 0x0000000083400000, 0x0000000083400000|100%| O|  |TAMS 0x0000000083400000| PB 0x0000000083400000| Updating 
|  52|0x0000000083400000, 0x0000000083500000, 0x0000000083500000|100%| O|  |TAMS 0x0000000083500000| PB 0x0000000083500000| Untracked 
|  53|0x0000000083500000, 0x0000000083600000, 0x0000000083600000|100%| O|  |TAMS 0x0000000083600000| PB 0x0000000083600000| Updating 
|  54|0x0000000083600000, 0x0000000083700000, 0x0000000083700000|100%| O|  |TAMS 0x0000000083700000| PB 0x0000000083700000| Untracked 
|  55|0x0000000083700000, 0x0000000083800000, 0x0000000083800000|100%| O|  |TAMS 0x0000000083800000| PB 0x0000000083800000| Updating 
|  56|0x0000000083800000, 0x0000000083900000, 0x0000000083900000|100%| O|  |TAMS 0x0000000083900000| PB 0x0000000083900000| Untracked 
|  57|0x0000000083900000, 0x0000000083a00000, 0x0000000083a00000|100%| O|  |TAMS 0x0000000083a00000| PB 0x0000000083a00000| Untracked 
|  58|0x0000000083a00000, 0x0000000083b00000, 0x0000000083b00000|100%| O|  |TAMS 0x0000000083b00000| PB 0x0000000083b00000| Updating 
|  59|0x0000000083b00000, 0x0000000083c00000, 0x0000000083c00000|100%| O|  |TAMS 0x0000000083c00000| PB 0x0000000083c00000| Untracked 
|  60|0x0000000083c00000, 0x0000000083d00000, 0x0000000083d00000|100%| O|  |TAMS 0x0000000083d00000| PB 0x0000000083d00000| Untracked 
|  61|0x0000000083d00000, 0x0000000083e00000, 0x0000000083e00000|100%| O|  |TAMS 0x0000000083e00000| PB 0x0000000083e00000| Updating 
|  62|0x0000000083e00000, 0x0000000083f00000, 0x0000000083f00000|100%| O|  |TAMS 0x0000000083f00000| PB 0x0000000083f00000| Untracked 
|  63|0x0000000083f00000, 0x0000000084000000, 0x0000000084000000|100%|HS|  |TAMS 0x0000000084000000| PB 0x0000000083f00000| Complete 
|  64|0x0000000084000000, 0x0000000084100000, 0x0000000084100000|100%|HC|  |TAMS 0x0000000084100000| PB 0x0000000084000000| Complete 
|  65|0x0000000084100000, 0x0000000084200000, 0x0000000084200000|100%| O|  |TAMS 0x0000000084200000| PB 0x0000000084200000| Untracked 
|  66|0x0000000084200000, 0x0000000084300000, 0x0000000084300000|100%| O|  |TAMS 0x0000000084300000| PB 0x0000000084300000| Updating 
|  67|0x0000000084300000, 0x0000000084400000, 0x0000000084400000|100%| O|  |TAMS 0x0000000084400000| PB 0x0000000084400000| Untracked 
|  68|0x0000000084400000, 0x0000000084500000, 0x0000000084500000|100%| O|  |TAMS 0x0000000084500000| PB 0x0000000084500000| Untracked 
|  69|0x0000000084500000, 0x0000000084600000, 0x0000000084600000|100%| O|  |TAMS 0x0000000084600000| PB 0x0000000084600000| Updating 
|  70|0x0000000084600000, 0x0000000084700000, 0x0000000084700000|100%| O|  |TAMS 0x0000000084700000| PB 0x0000000084700000| Untracked 
|  71|0x0000000084700000, 0x0000000084800000, 0x0000000084800000|100%| O|  |TAMS 0x0000000084800000| PB 0x0000000084800000| Untracked 
|  72|0x0000000084800000, 0x0000000084900000, 0x0000000084900000|100%| O|  |TAMS 0x0000000084900000| PB 0x0000000084900000| Updating 
|  73|0x0000000084900000, 0x0000000084a00000, 0x0000000084a00000|100%| O|  |TAMS 0x0000000084a00000| PB 0x0000000084a00000| Untracked 
|  74|0x0000000084a00000, 0x0000000084b00000, 0x0000000084b00000|100%| O|  |TAMS 0x0000000084b00000| PB 0x0000000084b00000| Untracked 
|  75|0x0000000084b00000, 0x0000000084c00000, 0x0000000084c00000|100%| O|  |TAMS 0x0000000084c00000| PB 0x0000000084c00000| Untracked 
|  76|0x0000000084c00000, 0x0000000084d00000, 0x0000000084d00000|100%| O|  |TAMS 0x0000000084d00000| PB 0x0000000084d00000| Untracked 
|  77|0x0000000084d00000, 0x0000000084e00000, 0x0000000084e00000|100%| O|  |TAMS 0x0000000084e00000| PB 0x0000000084e00000| Untracked 
|  78|0x0000000084e00000, 0x0000000084f00000, 0x0000000084f00000|100%| O|  |TAMS 0x0000000084f00000| PB 0x0000000084f00000| Untracked 
|  79|0x0000000084f00000, 0x0000000085000000, 0x0000000085000000|100%| O|  |TAMS 0x0000000085000000| PB 0x0000000085000000| Updating 
|  80|0x0000000085000000, 0x0000000085100000, 0x0000000085100000|100%| O|  |TAMS 0x0000000085100000| PB 0x0000000085100000| Updating 
|  81|0x0000000085100000, 0x0000000085200000, 0x0000000085200000|100%| O|  |TAMS 0x0000000085100000| PB 0x0000000085100000| Untracked 
|  82|0x0000000085200000, 0x0000000085300000, 0x0000000085300000|100%| O|  |TAMS 0x0000000085300000| PB 0x0000000085300000| Updating 
|  83|0x0000000085300000, 0x0000000085400000, 0x0000000085400000|100%| O|  |TAMS 0x0000000085400000| PB 0x0000000085400000| Updating 
|  84|0x0000000085400000, 0x0000000085500000, 0x0000000085500000|100%| O|  |TAMS 0x0000000085500000| PB 0x0000000085500000| Updating 
|  85|0x0000000085500000, 0x0000000085600000, 0x0000000085600000|100%| O|  |TAMS 0x0000000085600000| PB 0x0000000085600000| Updating 
|  86|0x0000000085600000, 0x0000000085700000, 0x0000000085700000|100%| O|  |TAMS 0x0000000085700000| PB 0x0000000085700000| Untracked 
|  87|0x0000000085700000, 0x0000000085800000, 0x0000000085800000|100%| O|  |TAMS 0x0000000085800000| PB 0x0000000085800000| Updating 
|  88|0x0000000085800000, 0x0000000085900000, 0x0000000085900000|100%| O|  |TAMS 0x0000000085900000| PB 0x0000000085900000| Updating 
|  89|0x0000000085900000, 0x0000000085a00000, 0x0000000085a00000|100%| O|  |TAMS 0x0000000085a00000| PB 0x0000000085a00000| Untracked 
|  90|0x0000000085a00000, 0x0000000085b00000, 0x0000000085b00000|100%| O|  |TAMS 0x0000000085b00000| PB 0x0000000085b00000| Untracked 
|  91|0x0000000085b00000, 0x0000000085c00000, 0x0000000085c00000|100%| O|  |TAMS 0x0000000085c00000| PB 0x0000000085c00000| Untracked 
|  92|0x0000000085c00000, 0x0000000085d00000, 0x0000000085d00000|100%| O|  |TAMS 0x0000000085d00000| PB 0x0000000085d00000| Untracked 
|  93|0x0000000085d00000, 0x0000000085e00000, 0x0000000085e00000|100%| O|  |TAMS 0x0000000085e00000| PB 0x0000000085e00000| Untracked 
|  94|0x0000000085e00000, 0x0000000085f00000, 0x0000000085f00000|100%| O|  |TAMS 0x0000000085f00000| PB 0x0000000085f00000| Untracked 
|  95|0x0000000085f00000, 0x0000000086000000, 0x0000000086000000|100%| O|  |TAMS 0x0000000086000000| PB 0x0000000086000000| Updating 
|  96|0x0000000086000000, 0x0000000086100000, 0x0000000086100000|100%| O|  |TAMS 0x0000000086100000| PB 0x0000000086100000| Updating 
|  97|0x0000000086100000, 0x0000000086200000, 0x0000000086200000|100%| O|  |TAMS 0x0000000086200000| PB 0x0000000086200000| Updating 
|  98|0x0000000086200000, 0x0000000086300000, 0x0000000086300000|100%| O|  |TAMS 0x0000000086300000| PB 0x0000000086300000| Updating 
|  99|0x0000000086300000, 0x0000000086400000, 0x0000000086400000|100%| O|  |TAMS 0x0000000086400000| PB 0x0000000086400000| Updating 
| 100|0x0000000086400000, 0x0000000086500000, 0x0000000086500000|100%| O|  |TAMS 0x0000000086500000| PB 0x0000000086500000| Updating 
| 101|0x0000000086500000, 0x0000000086600000, 0x0000000086600000|100%| O|  |TAMS 0x0000000086600000| PB 0x0000000086600000| Updating 
| 102|0x0000000086600000, 0x0000000086700000, 0x0000000086700000|100%| O|  |TAMS 0x0000000086700000| PB 0x0000000086700000| Updating 
| 103|0x0000000086700000, 0x0000000086800000, 0x0000000086800000|100%| O|  |TAMS 0x0000000086800000| PB 0x0000000086800000| Updating 
| 104|0x0000000086800000, 0x0000000086800000, 0x0000000086900000|  0%| F|  |TAMS 0x0000000086800000| PB 0x0000000086800000| Untracked 
| 105|0x0000000086900000, 0x0000000086900000, 0x0000000086a00000|  0%| F|  |TAMS 0x0000000086900000| PB 0x0000000086900000| Untracked 
| 106|0x0000000086a00000, 0x0000000086b00000, 0x0000000086b00000|100%| O|  |TAMS 0x0000000086b00000| PB 0x0000000086b00000| Updating 
| 107|0x0000000086b00000, 0x0000000086c00000, 0x0000000086c00000|100%| O|  |TAMS 0x0000000086b00000| PB 0x0000000086b00000| Untracked 
| 108|0x0000000086c00000, 0x0000000086c00000, 0x0000000086d00000|  0%| F|  |TAMS 0x0000000086c00000| PB 0x0000000086c00000| Untracked 
| 109|0x0000000086d00000, 0x0000000086d00000, 0x0000000086e00000|  0%| F|  |TAMS 0x0000000086d00000| PB 0x0000000086d00000| Untracked 
| 110|0x0000000086e00000, 0x0000000086f00000, 0x0000000086f00000|100%|HS|  |TAMS 0x0000000086f00000| PB 0x0000000086e00000| Complete 
| 111|0x0000000086f00000, 0x0000000087000000, 0x0000000087000000|100%| O|  |TAMS 0x0000000087000000| PB 0x0000000087000000| Untracked 
| 112|0x0000000087000000, 0x0000000087100000, 0x0000000087100000|100%| O|  |TAMS 0x0000000087100000| PB 0x0000000087100000| Updating 
| 113|0x0000000087100000, 0x0000000087200000, 0x0000000087200000|100%| O|  |TAMS 0x0000000087200000| PB 0x0000000087200000| Updating 
| 114|0x0000000087200000, 0x0000000087300000, 0x0000000087300000|100%| O|  |TAMS 0x0000000087300000| PB 0x0000000087300000| Updating 
| 115|0x0000000087300000, 0x0000000087400000, 0x0000000087400000|100%| O|  |TAMS 0x0000000087400000| PB 0x0000000087400000| Updating 
| 116|0x0000000087400000, 0x0000000087500000, 0x0000000087500000|100%| O|  |TAMS 0x0000000087500000| PB 0x0000000087500000| Updating 
| 117|0x0000000087500000, 0x0000000087600000, 0x0000000087600000|100%| O|  |TAMS 0x0000000087600000| PB 0x0000000087600000| Updating 
| 118|0x0000000087600000, 0x0000000087700000, 0x0000000087700000|100%| O|  |TAMS 0x0000000087700000| PB 0x0000000087700000| Updating 
| 119|0x0000000087700000, 0x0000000087800000, 0x0000000087800000|100%| O|  |TAMS 0x0000000087800000| PB 0x0000000087800000| Updating 
| 120|0x0000000087800000, 0x0000000087900000, 0x0000000087900000|100%| O|  |TAMS 0x0000000087900000| PB 0x0000000087900000| Updating 
| 121|0x0000000087900000, 0x0000000087a00000, 0x0000000087a00000|100%| O|  |TAMS 0x0000000087a00000| PB 0x0000000087a00000| Updating 
| 122|0x0000000087a00000, 0x0000000087b00000, 0x0000000087b00000|100%| O|  |TAMS 0x0000000087a00000| PB 0x0000000087a00000| Untracked 
| 123|0x0000000087b00000, 0x0000000087c00000, 0x0000000087c00000|100%| O|  |TAMS 0x0000000087c00000| PB 0x0000000087c00000| Updating 
| 124|0x0000000087c00000, 0x0000000087d00000, 0x0000000087d00000|100%| O|  |TAMS 0x0000000087d00000| PB 0x0000000087d00000| Updating 
| 125|0x0000000087d00000, 0x0000000087e00000, 0x0000000087e00000|100%| O|  |TAMS 0x0000000087e00000| PB 0x0000000087e00000| Updating 
| 126|0x0000000087e00000, 0x0000000087f00000, 0x0000000087f00000|100%| O|  |TAMS 0x0000000087e00000| PB 0x0000000087e00000| Untracked 
| 127|0x0000000087f00000, 0x0000000088000000, 0x0000000088000000|100%| O|  |TAMS 0x0000000088000000| PB 0x0000000088000000| Updating 
| 128|0x0000000088000000, 0x0000000088100000, 0x0000000088100000|100%| O|  |TAMS 0x0000000088100000| PB 0x0000000088100000| Updating 
| 129|0x0000000088100000, 0x0000000088200000, 0x0000000088200000|100%| O|  |TAMS 0x0000000088200000| PB 0x0000000088200000| Updating 
| 130|0x0000000088200000, 0x0000000088300000, 0x0000000088300000|100%| O|  |TAMS 0x0000000088300000| PB 0x0000000088300000| Updating 
| 131|0x0000000088300000, 0x0000000088400000, 0x0000000088400000|100%| O|  |TAMS 0x0000000088400000| PB 0x0000000088400000| Untracked 
| 132|0x0000000088400000, 0x0000000088500000, 0x0000000088500000|100%| O|  |TAMS 0x0000000088500000| PB 0x0000000088500000| Untracked 
| 133|0x0000000088500000, 0x0000000088600000, 0x0000000088600000|100%| O|  |TAMS 0x0000000088600000| PB 0x0000000088600000| Updating 
| 134|0x0000000088600000, 0x0000000088700000, 0x0000000088700000|100%| O|  |TAMS 0x0000000088700000| PB 0x0000000088700000| Updating 
| 135|0x0000000088700000, 0x0000000088800000, 0x0000000088800000|100%| O|  |TAMS 0x0000000088800000| PB 0x0000000088800000| Updating 
| 136|0x0000000088800000, 0x0000000088900000, 0x0000000088900000|100%| O|  |TAMS 0x0000000088900000| PB 0x0000000088900000| Updating 
| 137|0x0000000088900000, 0x0000000088a00000, 0x0000000088a00000|100%| O|  |TAMS 0x0000000088900000| PB 0x0000000088900000| Untracked 
| 138|0x0000000088a00000, 0x0000000088b00000, 0x0000000088b00000|100%| O|  |TAMS 0x0000000088b00000| PB 0x0000000088b00000| Untracked 
| 139|0x0000000088b00000, 0x0000000088c00000, 0x0000000088c00000|100%| O|  |TAMS 0x0000000088c00000| PB 0x0000000088c00000| Untracked 
| 140|0x0000000088c00000, 0x0000000088d00000, 0x0000000088d00000|100%| O|  |TAMS 0x0000000088d00000| PB 0x0000000088d00000| Untracked 
| 141|0x0000000088d00000, 0x0000000088e00000, 0x0000000088e00000|100%| O|  |TAMS 0x0000000088e00000| PB 0x0000000088e00000| Untracked 
| 142|0x0000000088e00000, 0x0000000088f00000, 0x0000000088f00000|100%| O|  |TAMS 0x0000000088f00000| PB 0x0000000088f00000| Untracked 
| 143|0x0000000088f00000, 0x0000000089000000, 0x0000000089000000|100%| O|  |TAMS 0x0000000089000000| PB 0x0000000089000000| Updating 
| 144|0x0000000089000000, 0x0000000089100000, 0x0000000089100000|100%| O|  |TAMS 0x0000000089100000| PB 0x0000000089100000| Updating 
| 145|0x0000000089100000, 0x0000000089200000, 0x0000000089200000|100%| O|  |TAMS 0x0000000089200000| PB 0x0000000089200000| Untracked 
| 146|0x0000000089200000, 0x0000000089300000, 0x0000000089300000|100%| O|  |TAMS 0x0000000089300000| PB 0x0000000089300000| Untracked 
| 147|0x0000000089300000, 0x0000000089400000, 0x0000000089400000|100%| O|  |TAMS 0x0000000089400000| PB 0x0000000089400000| Untracked 
| 148|0x0000000089400000, 0x0000000089500000, 0x0000000089500000|100%| O|  |TAMS 0x0000000089500000| PB 0x0000000089500000| Untracked 
| 149|0x0000000089500000, 0x0000000089600000, 0x0000000089600000|100%| O|  |TAMS 0x0000000089600000| PB 0x0000000089600000| Untracked 
| 150|0x0000000089600000, 0x0000000089700000, 0x0000000089700000|100%| O|  |TAMS 0x0000000089700000| PB 0x0000000089700000| Updating 
| 151|0x0000000089700000, 0x0000000089700000, 0x0000000089800000|  0%| F|  |TAMS 0x0000000089700000| PB 0x0000000089700000| Untracked 
| 152|0x0000000089800000, 0x0000000089800000, 0x0000000089900000|  0%| F|  |TAMS 0x0000000089800000| PB 0x0000000089800000| Untracked 
| 153|0x0000000089900000, 0x0000000089a00000, 0x0000000089a00000|100%| O|  |TAMS 0x0000000089a00000| PB 0x0000000089a00000| Updating 
| 154|0x0000000089a00000, 0x0000000089b00000, 0x0000000089b00000|100%| O|  |TAMS 0x0000000089b00000| PB 0x0000000089b00000| Updating 
| 155|0x0000000089b00000, 0x0000000089c00000, 0x0000000089c00000|100%| O|  |TAMS 0x0000000089c00000| PB 0x0000000089c00000| Updating 
| 156|0x0000000089c00000, 0x0000000089d00000, 0x0000000089d00000|100%| O|  |TAMS 0x0000000089d00000| PB 0x0000000089d00000| Updating 
| 157|0x0000000089d00000, 0x0000000089e00000, 0x0000000089e00000|100%| O|  |TAMS 0x0000000089e00000| PB 0x0000000089e00000| Updating 
| 158|0x0000000089e00000, 0x0000000089f00000, 0x0000000089f00000|100%| O|  |TAMS 0x0000000089f00000| PB 0x0000000089f00000| Untracked 
| 159|0x0000000089f00000, 0x000000008a000000, 0x000000008a000000|100%| O|  |TAMS 0x000000008a000000| PB 0x000000008a000000| Updating 
| 160|0x000000008a000000, 0x000000008a100000, 0x000000008a100000|100%| O|  |TAMS 0x000000008a100000| PB 0x000000008a100000| Untracked 
| 161|0x000000008a100000, 0x000000008a200000, 0x000000008a200000|100%| O|  |TAMS 0x000000008a200000| PB 0x000000008a200000| Untracked 
| 162|0x000000008a200000, 0x000000008a300000, 0x000000008a300000|100%| O|  |TAMS 0x000000008a300000| PB 0x000000008a300000| Untracked 
| 163|0x000000008a300000, 0x000000008a400000, 0x000000008a400000|100%| O|  |TAMS 0x000000008a400000| PB 0x000000008a400000| Untracked 
| 164|0x000000008a400000, 0x000000008a500000, 0x000000008a500000|100%| O|  |TAMS 0x000000008a500000| PB 0x000000008a500000| Untracked 
| 165|0x000000008a500000, 0x000000008a600000, 0x000000008a600000|100%| O|  |TAMS 0x000000008a600000| PB 0x000000008a600000| Untracked 
| 166|0x000000008a600000, 0x000000008a700000, 0x000000008a700000|100%| O|  |TAMS 0x000000008a700000| PB 0x000000008a700000| Untracked 
| 167|0x000000008a700000, 0x000000008a800000, 0x000000008a800000|100%| O|  |TAMS 0x000000008a800000| PB 0x000000008a800000| Untracked 
| 168|0x000000008a800000, 0x000000008a900000, 0x000000008a900000|100%| O|  |TAMS 0x000000008a900000| PB 0x000000008a900000| Untracked 
| 169|0x000000008a900000, 0x000000008aa00000, 0x000000008aa00000|100%| O|  |TAMS 0x000000008aa00000| PB 0x000000008aa00000| Untracked 
| 170|0x000000008aa00000, 0x000000008ab00000, 0x000000008ab00000|100%| O|  |TAMS 0x000000008ab00000| PB 0x000000008ab00000| Untracked 
| 171|0x000000008ab00000, 0x000000008ac00000, 0x000000008ac00000|100%| O|  |TAMS 0x000000008ab00000| PB 0x000000008ab00000| Untracked 
| 172|0x000000008ac00000, 0x000000008ad00000, 0x000000008ad00000|100%| O|  |TAMS 0x000000008ac00000| PB 0x000000008ac00000| Untracked 
| 173|0x000000008ad00000, 0x000000008ae00000, 0x000000008ae00000|100%| O|  |TAMS 0x000000008ad00000| PB 0x000000008ad00000| Untracked 
| 174|0x000000008ae00000, 0x000000008af00000, 0x000000008af00000|100%| O|  |TAMS 0x000000008ae00000| PB 0x000000008ae00000| Untracked 
| 175|0x000000008af00000, 0x000000008b000000, 0x000000008b000000|100%| O|  |TAMS 0x000000008af00000| PB 0x000000008af00000| Untracked 
| 176|0x000000008b000000, 0x000000008b100000, 0x000000008b100000|100%| O|  |TAMS 0x000000008b000000| PB 0x000000008b000000| Untracked 
| 177|0x000000008b100000, 0x000000008b200000, 0x000000008b200000|100%| O|  |TAMS 0x000000008b100000| PB 0x000000008b100000| Untracked 
| 178|0x000000008b200000, 0x000000008b300000, 0x000000008b300000|100%| O|  |TAMS 0x000000008b200000| PB 0x000000008b200000| Untracked 
| 179|0x000000008b300000, 0x000000008b400000, 0x000000008b400000|100%| O|  |TAMS 0x000000008b400000| PB 0x000000008b400000| Untracked 
| 180|0x000000008b400000, 0x000000008b500000, 0x000000008b500000|100%| O|  |TAMS 0x000000008b500000| PB 0x000000008b500000| Untracked 
| 181|0x000000008b500000, 0x000000008b600000, 0x000000008b600000|100%| O|  |TAMS 0x000000008b600000| PB 0x000000008b600000| Untracked 
| 182|0x000000008b600000, 0x000000008b700000, 0x000000008b700000|100%| O|  |TAMS 0x000000008b700000| PB 0x000000008b700000| Untracked 
| 183|0x000000008b700000, 0x000000008b800000, 0x000000008b800000|100%| O|  |TAMS 0x000000008b800000| PB 0x000000008b800000| Updating 
| 184|0x000000008b800000, 0x000000008b900000, 0x000000008b900000|100%| O|  |TAMS 0x000000008b900000| PB 0x000000008b900000| Updating 
| 185|0x000000008b900000, 0x000000008ba00000, 0x000000008ba00000|100%| O|  |TAMS 0x000000008b900000| PB 0x000000008b900000| Untracked 
| 186|0x000000008ba00000, 0x000000008bb00000, 0x000000008bb00000|100%| O|  |TAMS 0x000000008ba00000| PB 0x000000008ba00000| Untracked 
| 187|0x000000008bb00000, 0x000000008bc00000, 0x000000008bc00000|100%| O|  |TAMS 0x000000008bb00000| PB 0x000000008bb00000| Untracked 
| 188|0x000000008bc00000, 0x000000008bd00000, 0x000000008bd00000|100%|HS|  |TAMS 0x000000008bc00000| PB 0x000000008bc00000| Complete 
| 189|0x000000008bd00000, 0x000000008be00000, 0x000000008be00000|100%|HS|  |TAMS 0x000000008bd00000| PB 0x000000008bd00000| Complete 
| 190|0x000000008be00000, 0x000000008be00000, 0x000000008bf00000|  0%| F|  |TAMS 0x000000008be00000| PB 0x000000008be00000| Untracked 
| 191|0x000000008bf00000, 0x000000008bf00000, 0x000000008c000000|  0%| F|  |TAMS 0x000000008bf00000| PB 0x000000008bf00000| Untracked 
| 192|0x000000008c000000, 0x000000008c000000, 0x000000008c100000|  0%| F|  |TAMS 0x000000008c000000| PB 0x000000008c000000| Untracked 
| 193|0x000000008c100000, 0x000000008c100000, 0x000000008c200000|  0%| F|  |TAMS 0x000000008c100000| PB 0x000000008c100000| Untracked 
| 194|0x000000008c200000, 0x000000008c300000, 0x000000008c300000|100%| O|  |TAMS 0x000000008c200000| PB 0x000000008c200000| Untracked 
| 195|0x000000008c300000, 0x000000008c400000, 0x000000008c400000|100%| O|  |TAMS 0x000000008c300000| PB 0x000000008c300000| Untracked 
| 196|0x000000008c400000, 0x000000008c500000, 0x000000008c500000|100%| O|  |TAMS 0x000000008c400000| PB 0x000000008c400000| Untracked 
| 197|0x000000008c500000, 0x000000008c600000, 0x000000008c600000|100%| O|  |TAMS 0x000000008c500000| PB 0x000000008c500000| Untracked 
| 198|0x000000008c600000, 0x000000008c680000, 0x000000008c700000| 50%| O|  |TAMS 0x000000008c600000| PB 0x000000008c600000| Updating 
| 199|0x000000008c700000, 0x000000008c700000, 0x000000008c800000|  0%| F|  |TAMS 0x000000008c700000| PB 0x000000008c700000| Untracked 
| 200|0x000000008c800000, 0x000000008c800000, 0x000000008c900000|  0%| F|  |TAMS 0x000000008c800000| PB 0x000000008c800000| Untracked 
| 201|0x000000008c900000, 0x000000008c900000, 0x000000008ca00000|  0%| F|  |TAMS 0x000000008c900000| PB 0x000000008c900000| Untracked 
| 202|0x000000008ca00000, 0x000000008ca00000, 0x000000008cb00000|  0%| F|  |TAMS 0x000000008ca00000| PB 0x000000008ca00000| Untracked 
| 203|0x000000008cb00000, 0x000000008cb00000, 0x000000008cc00000|  0%| F|  |TAMS 0x000000008cb00000| PB 0x000000008cb00000| Untracked 
| 204|0x000000008cc00000, 0x000000008cd00000, 0x000000008cd00000|100%| S|CS|TAMS 0x000000008cc00000| PB 0x000000008cc00000| Complete 
| 205|0x000000008cd00000, 0x000000008ce00000, 0x000000008ce00000|100%| S|CS|TAMS 0x000000008cd00000| PB 0x000000008cd00000| Complete 
| 206|0x000000008ce00000, 0x000000008cf00000, 0x000000008cf00000|100%| S|CS|TAMS 0x000000008ce00000| PB 0x000000008ce00000| Complete 
| 207|0x000000008cf00000, 0x000000008d000000, 0x000000008d000000|100%| S|CS|TAMS 0x000000008cf00000| PB 0x000000008cf00000| Complete 
| 208|0x000000008d000000, 0x000000008d000000, 0x000000008d100000|  0%| F|  |TAMS 0x000000008d000000| PB 0x000000008d000000| Untracked 
| 209|0x000000008d100000, 0x000000008d100000, 0x000000008d200000|  0%| F|  |TAMS 0x000000008d100000| PB 0x000000008d100000| Untracked 
| 210|0x000000008d200000, 0x000000008d200000, 0x000000008d300000|  0%| F|  |TAMS 0x000000008d200000| PB 0x000000008d200000| Untracked 
| 211|0x000000008d300000, 0x000000008d300000, 0x000000008d400000|  0%| F|  |TAMS 0x000000008d300000| PB 0x000000008d300000| Untracked 
| 212|0x000000008d400000, 0x000000008d400000, 0x000000008d500000|  0%| F|  |TAMS 0x000000008d400000| PB 0x000000008d400000| Untracked 
| 213|0x000000008d500000, 0x000000008d500000, 0x000000008d600000|  0%| F|  |TAMS 0x000000008d500000| PB 0x000000008d500000| Untracked 
| 214|0x000000008d600000, 0x000000008d600000, 0x000000008d700000|  0%| F|  |TAMS 0x000000008d600000| PB 0x000000008d600000| Untracked 
| 215|0x000000008d700000, 0x000000008d700000, 0x000000008d800000|  0%| F|  |TAMS 0x000000008d700000| PB 0x000000008d700000| Untracked 
| 216|0x000000008d800000, 0x000000008d800000, 0x000000008d900000|  0%| F|  |TAMS 0x000000008d800000| PB 0x000000008d800000| Untracked 
| 217|0x000000008d900000, 0x000000008d900000, 0x000000008da00000|  0%| F|  |TAMS 0x000000008d900000| PB 0x000000008d900000| Untracked 
| 218|0x000000008da00000, 0x000000008da00000, 0x000000008db00000|  0%| F|  |TAMS 0x000000008da00000| PB 0x000000008da00000| Untracked 
| 219|0x000000008db00000, 0x000000008db00000, 0x000000008dc00000|  0%| F|  |TAMS 0x000000008db00000| PB 0x000000008db00000| Untracked 
|2036|0x00000000ff400000, 0x00000000ff500000, 0x00000000ff500000|100%| O|  |TAMS 0x00000000ff500000| PB 0x00000000ff500000| Updating 
|2037|0x00000000ff500000, 0x00000000ff500000, 0x00000000ff600000|  0%| F|  |TAMS 0x00000000ff500000| PB 0x00000000ff500000| Untracked 
|2038|0x00000000ff600000, 0x00000000ff600000, 0x00000000ff700000|  0%| F|  |TAMS 0x00000000ff600000| PB 0x00000000ff600000| Untracked 
|2039|0x00000000ff700000, 0x00000000ff700000, 0x00000000ff800000|  0%| F|  |TAMS 0x00000000ff700000| PB 0x00000000ff700000| Untracked 
|2040|0x00000000ff800000, 0x00000000ff800000, 0x00000000ff900000|  0%| F|  |TAMS 0x00000000ff800000| PB 0x00000000ff800000| Untracked 
|2041|0x00000000ff900000, 0x00000000ff900000, 0x00000000ffa00000|  0%| F|  |TAMS 0x00000000ff900000| PB 0x00000000ff900000| Untracked 
|2042|0x00000000ffa00000, 0x00000000ffa00000, 0x00000000ffb00000|  0%| F|  |TAMS 0x00000000ffa00000| PB 0x00000000ffa00000| Untracked 
|2043|0x00000000ffb00000, 0x00000000ffb00000, 0x00000000ffc00000|  0%| F|  |TAMS 0x00000000ffb00000| PB 0x00000000ffb00000| Untracked 
|2044|0x00000000ffc00000, 0x00000000ffc00000, 0x00000000ffd00000|  0%| F|  |TAMS 0x00000000ffc00000| PB 0x00000000ffc00000| Untracked 
|2045|0x00000000ffd00000, 0x00000000ffd03ee0, 0x00000000ffe00000|  1%| E|  |TAMS 0x00000000ffd00000| PB 0x00000000ffd00000| Complete 
|2046|0x00000000ffe00000, 0x00000000fff00000, 0x00000000fff00000|100%| O|  |TAMS 0x00000000fff00000| PB 0x00000000fff00000| Updating 
|2047|0x00000000fff00000, 0x0000000100000000, 0x0000000100000000|100%| E|CS|TAMS 0x00000000fff00000| PB 0x00000000fff00000| Complete 

Card table byte_map: [0x00000280c3980000,0x00000280c3d80000] _byte_map_base: 0x00000280c3580000

Marking Bits: (CMBitMap*) 0x00000280b1479b90
 Bits: [0x00000280c3d80000, 0x00000280c5d80000)

Polling page: 0x00000280af370000

Metaspace:

Usage:
  Non-class:     55.04 MB used.
      Class:      8.49 MB used.
       Both:     63.53 MB used.

Virtual space:
  Non-class space:       64.00 MB reserved,      55.75 MB ( 87%) committed,  1 nodes.
      Class space:      416.00 MB reserved,       9.19 MB (  2%) committed,  1 nodes.
             Both:      480.00 MB reserved,      64.94 MB ( 14%) committed. 

Chunk freelists:
   Non-Class:  7.45 MB
       Class:  6.79 MB
        Both:  14.24 MB

MaxMetaspaceSize: 512.00 MB
CompressedClassSpaceSize: 416.00 MB
Initial GC threshold: 21.00 MB
Current GC threshold: 108.25 MB
CDS: off
 - commit_granule_bytes: 65536.
 - commit_granule_words: 8192.
 - virtual_space_node_default_size: 8388608.
 - enlarge_chunks_in_place: 1.
 - use_allocation_guard: 0.


Internal statistics:

num_allocs_failed_limit: 6.
num_arena_births: 2732.
num_arena_deaths: 8.
num_vsnodes_births: 2.
num_vsnodes_deaths: 0.
num_space_committed: 1039.
num_space_uncommitted: 0.
num_chunks_returned_to_freelist: 20.
num_chunks_taken_from_freelist: 5306.
num_chunk_merges: 6.
num_chunk_splits: 3418.
num_chunks_enlarged: 2129.
num_inconsistent_stats: 0.

CodeHeap 'non-profiled nmethods': size=120000Kb used=6150Kb max_used=6312Kb free=113849Kb
 bounds [0x00000280bc050000, 0x00000280bc690000, 0x00000280c3580000]
CodeHeap 'profiled nmethods': size=120000Kb used=11739Kb max_used=12858Kb free=108260Kb
 bounds [0x00000280b4580000, 0x00000280b5210000, 0x00000280bbab0000]
CodeHeap 'non-nmethods': size=5760Kb used=2720Kb max_used=2854Kb free=3039Kb
 bounds [0x00000280bbab0000, 0x00000280bbd90000, 0x00000280bc050000]
 total_blobs=7676 nmethods=6804 adapters=775
 compilation: enabled
              stopped_count=0, restarted_count=0
 full_count=0

Compilation events (20 events):
Event: 98.590 Thread 0x00000280c8511db0 9508       3       org.gradle.internal.snapshot.MerkleDirectorySnapshotBuilder::visitLeafElement (6 bytes)
Event: 98.590 Thread 0x00000280c8511db0 nmethod 9508 0x00000280b4596090 code [0x00000280b4596240, 0x00000280b4596378]
Event: 98.591 Thread 0x00000280c8511db0 9509       3       java.nio.file.FileTreeWalker$Event::<init> (9 bytes)
Event: 98.591 Thread 0x00000280c8511db0 nmethod 9509 0x00000280b47db310 code [0x00000280b47db4c0, 0x00000280b47db7c8]
Event: 98.629 Thread 0x00000280c8511db0 9510       1       org.gradle.api.internal.artifacts.transform.TransformWorkspaceIdentity::getUniqueId (5 bytes)
Event: 98.629 Thread 0x00000280c8511db0 nmethod 9510 0x00000280bc065190 code [0x00000280bc065320, 0x00000280bc0653e8]
Event: 98.630 Thread 0x00000280c8511db0 9511       1       org.gradle.api.internal.artifacts.transform.DefaultTransform::getImplementationClass (5 bytes)
Event: 98.630 Thread 0x00000280c8511db0 nmethod 9511 0x00000280bc067890 code [0x00000280bc067a20, 0x00000280bc067ae8]
Event: 98.631 Thread 0x00000280c8511db0 9512       1       org.gradle.api.internal.artifacts.transform.DefaultTransform::getInputArtifactDirectorySensitivity (5 bytes)
Event: 98.631 Thread 0x00000280c8511db0 nmethod 9512 0x00000280bc06b110 code [0x00000280bc06b2a0, 0x00000280bc06b368]
Event: 98.631 Thread 0x00000280c8511db0 9513       1       org.gradle.api.internal.artifacts.transform.DefaultTransform::getInputArtifactLineEndingNormalization (5 bytes)
Event: 98.631 Thread 0x00000280c8511db0 nmethod 9513 0x00000280bc06d010 code [0x00000280bc06d1a0, 0x00000280bc06d268]
Event: 98.631 Thread 0x00000280c8511db0 9514       3       org.gradle.api.internal.artifacts.transform.AbstractTransformExecution::visitOutputs (78 bytes)
Event: 98.632 Thread 0x00000280c8511db0 nmethod 9514 0x00000280b465a910 code [0x00000280b465abe0, 0x00000280b465bc00]
Event: 98.646 Thread 0x00000280c849d540 9515       4       org.gradle.internal.serialize.MapSerializer::read (68 bytes)
Event: 98.670 Thread 0x00000280c849d540 nmethod 9515 0x00000280bc0f5d10 code [0x00000280bc0f6040, 0x00000280bc0f73d0]
Event: 98.704 Thread 0x00000280c8511db0 9516       3       org.gradle.internal.serialize.AbstractCollectionSerializer::read (47 bytes)
Event: 98.704 Thread 0x00000280c8511db0 nmethod 9516 0x00000280b46e5790 code [0x00000280b46e5980, 0x00000280b46e5e60]
Event: 98.840 Thread 0x00000280c849d540 9517       4       org.gradle.internal.serialize.AbstractCollectionSerializer::read (47 bytes)
Event: 98.866 Thread 0x00000280c849d540 nmethod 9517 0x00000280bc686790 code [0x00000280bc686b00, 0x00000280bc688160]

GC Heap History (20 events):
Event: 91.369 GC heap before
{Heap before GC invocations=64 (full 0):
 garbage-first heap   total 184320K, used 161280K [0x0000000080000000, 0x0000000100000000)
  region size 1024K, 31 young (31744K), 6 survivors (6144K)
 Metaspace       used 64718K, committed 66240K, reserved 491520K
  class space    used 8689K, committed 9408K, reserved 425984K
}
Event: 91.402 GC heap after
{Heap after GC invocations=65 (full 0):
 garbage-first heap   total 191488K, used 157184K [0x0000000080000000, 0x0000000100000000)
  region size 1024K, 4 young (4096K), 4 survivors (4096K)
 Metaspace       used 64718K, committed 66240K, reserved 491520K
  class space    used 8689K, committed 9408K, reserved 425984K
}
Event: 91.581 GC heap before
{Heap before GC invocations=65 (full 0):
 garbage-first heap   total 191488K, used 170496K [0x0000000080000000, 0x0000000100000000)
  region size 1024K, 17 young (17408K), 4 survivors (4096K)
 Metaspace       used 64727K, committed 66240K, reserved 491520K
  class space    used 8689K, committed 9408K, reserved 425984K
}
Event: 91.591 GC heap after
{Heap after GC invocations=66 (full 0):
 garbage-first heap   total 230400K, used 161792K [0x0000000080000000, 0x0000000100000000)
  region size 1024K, 3 young (3072K), 3 survivors (3072K)
 Metaspace       used 64727K, committed 66240K, reserved 491520K
  class space    used 8689K, committed 9408K, reserved 425984K
}
Event: 92.322 GC heap before
{Heap before GC invocations=67 (full 0):
 garbage-first heap   total 230400K, used 164864K [0x0000000080000000, 0x0000000100000000)
  region size 1024K, 29 young (29696K), 3 survivors (3072K)
 Metaspace       used 64762K, committed 66240K, reserved 491520K
  class space    used 8689K, committed 9408K, reserved 425984K
}
Event: 92.327 GC heap after
{Heap after GC invocations=68 (full 0):
 garbage-first heap   total 230400K, used 140321K [0x0000000080000000, 0x0000000100000000)
  region size 1024K, 2 young (2048K), 2 survivors (2048K)
 Metaspace       used 64762K, committed 66240K, reserved 491520K
  class space    used 8689K, committed 9408K, reserved 425984K
}
Event: 94.030 GC heap before
{Heap before GC invocations=68 (full 0):
 garbage-first heap   total 230400K, used 179233K [0x0000000080000000, 0x0000000100000000)
  region size 1024K, 41 young (41984K), 2 survivors (2048K)
 Metaspace       used 64853K, committed 66368K, reserved 491520K
  class space    used 8690K, committed 9408K, reserved 425984K
}
Event: 94.035 GC heap after
{Heap after GC invocations=69 (full 0):
 garbage-first heap   total 230400K, used 126225K [0x0000000080000000, 0x0000000100000000)
  region size 1024K, 3 young (3072K), 3 survivors (3072K)
 Metaspace       used 64853K, committed 66368K, reserved 491520K
  class space    used 8690K, committed 9408K, reserved 425984K
}
Event: 94.832 GC heap before
{Heap before GC invocations=69 (full 0):
 garbage-first heap   total 230400K, used 175377K [0x0000000080000000, 0x0000000100000000)
  region size 1024K, 52 young (53248K), 3 survivors (3072K)
 Metaspace       used 64889K, committed 66368K, reserved 491520K
  class space    used 8690K, committed 9408K, reserved 425984K
}
Event: 94.834 GC heap after
{Heap after GC invocations=70 (full 0):
 garbage-first heap   total 230400K, used 126568K [0x0000000080000000, 0x0000000100000000)
  region size 1024K, 3 young (3072K), 3 survivors (3072K)
 Metaspace       used 64889K, committed 66368K, reserved 491520K
  class space    used 8690K, committed 9408K, reserved 425984K
}
Event: 95.146 GC heap before
{Heap before GC invocations=70 (full 0):
 garbage-first heap   total 230400K, used 182888K [0x0000000080000000, 0x0000000100000000)
  region size 1024K, 58 young (59392K), 3 survivors (3072K)
 Metaspace       used 64900K, committed 66368K, reserved 491520K
  class space    used 8690K, committed 9408K, reserved 425984K
}
Event: 95.150 GC heap after
{Heap after GC invocations=71 (full 0):
 garbage-first heap   total 230400K, used 127224K [0x0000000080000000, 0x0000000100000000)
  region size 1024K, 4 young (4096K), 4 survivors (4096K)
 Metaspace       used 64900K, committed 66368K, reserved 491520K
  class space    used 8690K, committed 9408K, reserved 425984K
}
Event: 95.943 GC heap before
{Heap before GC invocations=71 (full 0):
 garbage-first heap   total 230400K, used 186616K [0x0000000080000000, 0x0000000100000000)
  region size 1024K, 64 young (65536K), 4 survivors (4096K)
 Metaspace       used 65018K, committed 66496K, reserved 491520K
  class space    used 8690K, committed 9408K, reserved 425984K
}
Event: 95.956 GC heap after
{Heap after GC invocations=72 (full 0):
 garbage-first heap   total 230400K, used 140288K [0x0000000080000000, 0x0000000100000000)
  region size 1024K, 8 young (8192K), 8 survivors (8192K)
 Metaspace       used 65018K, committed 66496K, reserved 491520K
  class space    used 8690K, committed 9408K, reserved 425984K
}
Event: 96.683 GC heap before
{Heap before GC invocations=73 (full 0):
 garbage-first heap   total 237568K, used 194560K [0x0000000080000000, 0x0000000100000000)
  region size 1024K, 59 young (60416K), 8 survivors (8192K)
 Metaspace       used 65033K, committed 66496K, reserved 491520K
  class space    used 8690K, committed 9408K, reserved 425984K
}
Event: 96.710 GC heap after
{Heap after GC invocations=74 (full 0):
 garbage-first heap   total 237568K, used 165888K [0x0000000080000000, 0x0000000100000000)
  region size 1024K, 8 young (8192K), 8 survivors (8192K)
 Metaspace       used 65033K, committed 66496K, reserved 491520K
  class space    used 8690K, committed 9408K, reserved 425984K
}
Event: 98.061 GC heap before
{Heap before GC invocations=74 (full 0):
 garbage-first heap   total 237568K, used 204800K [0x0000000080000000, 0x0000000100000000)
  region size 1024K, 44 young (45056K), 8 survivors (8192K)
 Metaspace       used 65037K, committed 66496K, reserved 491520K
  class space    used 8690K, committed 9408K, reserved 425984K
}
Event: 98.094 GC heap after
{Heap after GC invocations=75 (full 0):
 garbage-first heap   total 237568K, used 184320K [0x0000000080000000, 0x0000000100000000)
  region size 1024K, 6 young (6144K), 6 survivors (6144K)
 Metaspace       used 65037K, committed 66496K, reserved 491520K
  class space    used 8690K, committed 9408K, reserved 425984K
}
Event: 98.714 GC heap before
{Heap before GC invocations=75 (full 0):
 garbage-first heap   total 237568K, used 204800K [0x0000000080000000, 0x0000000100000000)
  region size 1024K, 28 young (28672K), 6 survivors (6144K)
 Metaspace       used 65049K, committed 66496K, reserved 491520K
  class space    used 8690K, committed 9408K, reserved 425984K
}
Event: 98.733 GC heap after
{Heap after GC invocations=76 (full 0):
 garbage-first heap   total 237568K, used 203264K [0x0000000080000000, 0x0000000100000000)
  region size 1024K, 4 young (4096K), 4 survivors (4096K)
 Metaspace       used 65049K, committed 66496K, reserved 491520K
  class space    used 8690K, committed 9408K, reserved 425984K
}

Dll operation events (3 events):
Event: 0.014 Loaded shared library C:\Program Files\Android\Android Studio\jbr\bin\java.dll
Event: 0.043 Loaded shared library C:\Program Files\Android\Android Studio\jbr\bin\zip.dll
Event: 2.269 Loaded shared library C:\Program Files\Android\Android Studio\jbr\bin\verify.dll

Deoptimization events (20 events):
Event: 95.151 Thread 0x00000280c863abb0 DEOPT PACKING pc=0x00000280bc4302e4 sp=0x0000008d468fb0b0
Event: 95.151 Thread 0x00000280c863abb0 DEOPT UNPACKING pc=0x00000280bbb046a2 sp=0x0000008d468fae60 mode 2
Event: 95.717 Thread 0x00000280c863fa70 Uncommon trap: trap_request=0xffffff45 fr.pc=0x00000280bc2911f4 relative=0x0000000000000b34
Event: 95.717 Thread 0x00000280c863fa70 Uncommon trap: reason=unstable_if action=reinterpret pc=0x00000280bc2911f4 method=com.google.common.collect.MapMakerInternalMap$Segment.getEntry(Ljava/lang/Object;I)Lcom/google/common/collect/MapMakerInternalMap$InternalEntry; @ 63 c2
Event: 95.717 Thread 0x00000280c863fa70 DEOPT PACKING pc=0x00000280bc2911f4 sp=0x0000008d46afa750
Event: 95.717 Thread 0x00000280c863fa70 DEOPT UNPACKING pc=0x00000280bbb046a2 sp=0x0000008d46afa658 mode 2
Event: 95.883 Thread 0x00000280c863abb0 Uncommon trap: trap_request=0xffffff45 fr.pc=0x00000280bc2f1504 relative=0x0000000000000224
Event: 95.883 Thread 0x00000280c863abb0 Uncommon trap: reason=unstable_if action=reinterpret pc=0x00000280bc2f1504 method=org.gradle.internal.classpath.generated.InterceptorDeclaration_PropertyUpgradesJvmBytecode_LanguageJvm.visitMethodInsn(Lorg/gradle/model/internal/asm/MethodVisitorScope;Ljav
Event: 95.883 Thread 0x00000280c863abb0 DEOPT PACKING pc=0x00000280bc2f1504 sp=0x0000008d468fa6e0
Event: 95.883 Thread 0x00000280c863abb0 DEOPT UNPACKING pc=0x00000280bbb046a2 sp=0x0000008d468fa658 mode 2
Event: 96.343 Thread 0x00000280c863fa70 Uncommon trap: trap_request=0xffffff45 fr.pc=0x00000280bc3f127c relative=0x0000000000000fdc
Event: 96.343 Thread 0x00000280c863fa70 Uncommon trap: reason=unstable_if action=reinterpret pc=0x00000280bc3f127c method=java.util.concurrent.ConcurrentHashMap.putVal(Ljava/lang/Object;Ljava/lang/Object;Z)Ljava/lang/Object; @ 245 c2
Event: 96.343 Thread 0x00000280c863fa70 DEOPT PACKING pc=0x00000280bc3f127c sp=0x0000008d46afae40
Event: 96.343 Thread 0x00000280c863fa70 DEOPT UNPACKING pc=0x00000280bbb046a2 sp=0x0000008d46afadb8 mode 2
Event: 98.646 Thread 0x00000280c863fa70 DEOPT PACKING pc=0x00000280b51c155d sp=0x0000008d46afa780
Event: 98.646 Thread 0x00000280c863fa70 DEOPT UNPACKING pc=0x00000280bbb04e42 sp=0x0000008d46af9c60 mode 0
Event: 98.704 Thread 0x00000280c863fa70 Uncommon trap: trap_request=0xffffff45 fr.pc=0x00000280bc2624b0 relative=0x0000000000000ef0
Event: 98.704 Thread 0x00000280c863fa70 Uncommon trap: reason=unstable_if action=reinterpret pc=0x00000280bc2624b0 method=com.google.common.collect.MapMakerInternalMap$Segment.getEntry(Ljava/lang/Object;I)Lcom/google/common/collect/MapMakerInternalMap$InternalEntry; @ 63 c2
Event: 98.704 Thread 0x00000280c863fa70 DEOPT PACKING pc=0x00000280bc2624b0 sp=0x0000008d46afa690
Event: 98.704 Thread 0x00000280c863fa70 DEOPT UNPACKING pc=0x00000280bbb046a2 sp=0x0000008d46afa3a8 mode 2

Classes loaded (20 events):
Event: 45.881 Loading class java/nio/StringCharBuffer
Event: 45.882 Loading class java/nio/StringCharBuffer done
Event: 46.051 Loading class java/security/Key
Event: 46.051 Loading class java/security/Key done
Event: 48.713 Loading class java/lang/foreign/MemorySegment
Event: 48.714 Loading class java/lang/foreign/MemorySegment done
Event: 78.729 Loading class java/util/stream/SortedOps$OfRef
Event: 78.729 Loading class java/util/stream/SortedOps$OfRef done
Event: 78.729 Loading class java/util/stream/SortedOps$SizedRefSortingSink
Event: 78.729 Loading class java/util/stream/SortedOps$AbstractRefSortingSink
Event: 78.729 Loading class java/util/stream/SortedOps$AbstractRefSortingSink done
Event: 78.729 Loading class java/util/stream/SortedOps$SizedRefSortingSink done
Event: 78.737 Loading class java/util/HashMap$EntrySpliterator
Event: 78.737 Loading class java/util/HashMap$EntrySpliterator done
Event: 78.738 Loading class java/util/stream/SortedOps$RefSortingSink
Event: 78.738 Loading class java/util/stream/SortedOps$RefSortingSink done
Event: 82.473 Loading class java/lang/ThreadDeath
Event: 82.473 Loading class java/lang/ThreadDeath done
Event: 82.474 Loading class sun/misc/SharedSecrets
Event: 82.474 Loading class sun/misc/SharedSecrets done

Classes unloaded (11 events):
Event: 41.449 Thread 0x00000280c84050f0 Unloading class 0x0000000100828948 '_BuildScript_$_run_closure1$_closure2'
Event: 41.449 Thread 0x00000280c84050f0 Unloading class 0x0000000100828548 '_BuildScript_$_run_closure1'
Event: 41.449 Thread 0x00000280c84050f0 Unloading class 0x0000000100828000 '_BuildScript_'
Event: 41.450 Thread 0x00000280c84050f0 Unloading class 0x00000001007a8548 '_BuildScript_$_run_closure1'
Event: 41.450 Thread 0x00000280c84050f0 Unloading class 0x00000001007a8000 '_BuildScript_'
Event: 87.679 Thread 0x00000280c84050f0 Unloading class 0x0000000100931000 '_BuildScript_$_run_closure1$_closure2'
Event: 87.679 Thread 0x00000280c84050f0 Unloading class 0x000000010092f400 '_BuildScript_$_run_closure1'
Event: 87.679 Thread 0x00000280c84050f0 Unloading class 0x0000000100930800 '_BuildScript_'
Event: 87.679 Thread 0x00000280c84050f0 Unloading class 0x000000010092c948 '_BuildScript_$_run_closure2'
Event: 87.679 Thread 0x00000280c84050f0 Unloading class 0x000000010092c548 '_BuildScript_$_run_closure1'
Event: 87.679 Thread 0x00000280c84050f0 Unloading class 0x000000010092c000 '_BuildScript_'

Classes redefined (0 events):
No events

Internal exceptions (20 events):
Event: 84.723 Thread 0x00000280cdb5d4a0 Exception <a 'sun/nio/fs/WindowsException'{0x0000000086cfb8e0}> (0x0000000086cfb8e0) 
thrown [s\src\hotspot\share\prims\jni.cpp, line 535]
Event: 84.725 Thread 0x00000280cdb5d4a0 Exception <a 'sun/nio/fs/WindowsException'{0x0000000086b06b20}> (0x0000000086b06b20) 
thrown [s\src\hotspot\share\prims\jni.cpp, line 535]
Event: 84.851 Thread 0x00000280cdb5d4a0 Exception <a 'java/lang/ClassNotFoundException'{0x0000000086b7ada0}: ijInit1_3bf9frienn6sc9edtreuo6fc8BeanInfo> (0x0000000086b7ada0) 
thrown [s\src\hotspot\share\classfile\systemDictionary.cpp, line 312]
Event: 84.851 Thread 0x00000280cdb5d4a0 Exception <a 'java/lang/ClassNotFoundException'{0x0000000086bcc8d0}: ijInit1_3bf9frienn6sc9edtreuo6fc8Customizer> (0x0000000086bcc8d0) 
thrown [s\src\hotspot\share\classfile\systemDictionary.cpp, line 312]
Event: 84.858 Thread 0x00000280cdb5d4a0 Exception <a 'java/lang/ClassNotFoundException'{0x0000000086a0f0c0}: ijInit1_3bf9frienn6sc9edtreuo6fc8$_run_closure1BeanInfo> (0x0000000086a0f0c0) 
thrown [s\src\hotspot\share\classfile\systemDictionary.cpp, line 312]
Event: 84.859 Thread 0x00000280cdb5d4a0 Exception <a 'java/lang/ClassNotFoundException'{0x0000000086a16480}: ijInit1_3bf9frienn6sc9edtreuo6fc8$_run_closure1Customizer> (0x0000000086a16480) 
thrown [s\src\hotspot\share\classfile\systemDictionary.cpp, line 312]
Event: 92.038 Thread 0x00000280c863fa70 Exception <a 'sun/nio/fs/WindowsException'{0x000000008d3ca188}> (0x000000008d3ca188) 
thrown [s\src\hotspot\share\prims\jni.cpp, line 535]
Event: 92.308 Thread 0x00000280c863abb0 Exception <a 'sun/nio/fs/WindowsException'{0x000000008c62ffa8}> (0x000000008c62ffa8) 
thrown [s\src\hotspot\share\prims\jni.cpp, line 535]
Event: 92.812 Thread 0x00000280c863f3e0 Exception <a 'sun/nio/fs/WindowsException'{0x00000000ffa2b2d8}> (0x00000000ffa2b2d8) 
thrown [s\src\hotspot\share\prims\jni.cpp, line 535]
Event: 92.971 Thread 0x00000280c863fa70 Exception <a 'sun/nio/fs/WindowsException'{0x000000008c486e20}> (0x000000008c486e20) 
thrown [s\src\hotspot\share\prims\jni.cpp, line 535]
Event: 93.571 Thread 0x00000280c863abb0 Exception <a 'sun/nio/fs/WindowsException'{0x000000008c4dae30}> (0x000000008c4dae30) 
thrown [s\src\hotspot\share\prims\jni.cpp, line 535]
Event: 93.821 Thread 0x00000280c863f3e0 Exception <a 'sun/nio/fs/WindowsException'{0x000000008beb4760}> (0x000000008beb4760) 
thrown [s\src\hotspot\share\prims\jni.cpp, line 535]
Event: 93.824 Thread 0x00000280cdb5d4a0 Exception <a 'sun/nio/fs/WindowsException'{0x000000008bee9d90}> (0x000000008bee9d90) 
thrown [s\src\hotspot\share\prims\jni.cpp, line 535]
Event: 95.276 Thread 0x00000280c863fa70 Exception <a 'sun/nio/fs/WindowsException'{0x000000008c7a5fa0}> (0x000000008c7a5fa0) 
thrown [s\src\hotspot\share\prims\jni.cpp, line 535]
Event: 95.397 Thread 0x00000280c863fa70 Exception <a 'sun/nio/fs/WindowsException'{0x000000008c1a3e48}> (0x000000008c1a3e48) 
thrown [s\src\hotspot\share\prims\jni.cpp, line 535]
Event: 95.641 Thread 0x00000280cdb5d4a0 Exception <a 'sun/nio/fs/WindowsException'{0x000000008c1539c8}> (0x000000008c1539c8) 
thrown [s\src\hotspot\share\prims\jni.cpp, line 535]
Event: 95.653 Thread 0x00000280c863f3e0 Exception <a 'sun/nio/fs/WindowsException'{0x000000008c08dc90}> (0x000000008c08dc90) 
thrown [s\src\hotspot\share\prims\jni.cpp, line 535]
Event: 95.870 Thread 0x00000280c863abb0 Exception <a 'sun/nio/fs/WindowsException'{0x000000008b885188}> (0x000000008b885188) 
thrown [s\src\hotspot\share\prims\jni.cpp, line 535]
Event: 95.880 Thread 0x00000280c863f3e0 Exception <a 'sun/nio/fs/WindowsException'{0x000000008b46ff70}> (0x000000008b46ff70) 
thrown [s\src\hotspot\share\prims\jni.cpp, line 535]
Event: 97.539 Thread 0x00000280c863abb0 Exception <a 'sun/nio/fs/WindowsException'{0x00000000ff790c68}> (0x00000000ff790c68) 
thrown [s\src\hotspot\share\prims\jni.cpp, line 535]

ZGC Phase Switch (0 events):
No events

VM Operations (20 events):
Event: 94.035 Executing VM operation: G1CollectForAllocation (G1 Evacuation Pause) done
Event: 94.832 Executing VM operation: G1CollectForAllocation (G1 Evacuation Pause)
Event: 94.834 Executing VM operation: G1CollectForAllocation (G1 Evacuation Pause) done
Event: 95.146 Executing VM operation: G1CollectForAllocation (G1 Evacuation Pause)
Event: 95.150 Executing VM operation: G1CollectForAllocation (G1 Evacuation Pause) done
Event: 95.942 Executing VM operation: G1TryInitiateConcMark (G1 Humongous Allocation)
Event: 95.956 Executing VM operation: G1TryInitiateConcMark (G1 Humongous Allocation) done
Event: 96.127 Executing VM operation: G1PauseRemark
Event: 96.132 Executing VM operation: G1PauseRemark done
Event: 96.221 Executing VM operation: G1PauseCleanup
Event: 96.306 Executing VM operation: G1PauseCleanup done
Event: 96.683 Executing VM operation: G1CollectForAllocation (G1 Evacuation Pause)
Event: 96.710 Executing VM operation: G1CollectForAllocation (G1 Evacuation Pause) done
Event: 97.723 Executing VM operation: Cleanup
Event: 97.754 Executing VM operation: Cleanup done
Event: 98.061 Executing VM operation: G1CollectForAllocation (G1 Evacuation Pause)
Event: 98.094 Executing VM operation: G1CollectForAllocation (G1 Evacuation Pause) done
Event: 98.714 Executing VM operation: G1TryInitiateConcMark (G1 Humongous Allocation)
Event: 98.733 Executing VM operation: G1TryInitiateConcMark (G1 Humongous Allocation) done
Event: 98.984 Executing VM operation: G1PauseRemark

Memory protections (0 events):
No events

Nmethod flushes (20 events):
Event: 99.037 Thread 0x00000280c84050f0 flushing  nmethod 0x00000280b5170210
Event: 99.037 Thread 0x00000280c84050f0 flushing  nmethod 0x00000280bc42ae90
Event: 99.037 Thread 0x00000280c84050f0 flushing  nmethod 0x00000280bc4ab210
Event: 99.037 Thread 0x00000280c84050f0 flushing  nmethod 0x00000280b4605b10
Event: 99.037 Thread 0x00000280c84050f0 flushing  nmethod 0x00000280b4625c10
Event: 99.037 Thread 0x00000280c84050f0 flushing  nmethod 0x00000280b4659890
Event: 99.037 Thread 0x00000280c84050f0 flushing  nmethod 0x00000280b4702210
Event: 99.037 Thread 0x00000280c84050f0 flushing  nmethod 0x00000280b4719810
Event: 99.037 Thread 0x00000280c84050f0 flushing  nmethod 0x00000280b4876790
Event: 99.037 Thread 0x00000280c84050f0 flushing  nmethod 0x00000280b49ffd10
Event: 99.037 Thread 0x00000280c84050f0 flushing  nmethod 0x00000280b4c0df10
Event: 99.037 Thread 0x00000280c84050f0 flushing  nmethod 0x00000280b4c3a990
Event: 99.037 Thread 0x00000280c84050f0 flushing  nmethod 0x00000280b4c3b210
Event: 99.037 Thread 0x00000280c84050f0 flushing  nmethod 0x00000280b4cdcf90
Event: 99.037 Thread 0x00000280c84050f0 flushing  nmethod 0x00000280b4da5f90
Event: 99.037 Thread 0x00000280c84050f0 flushing  nmethod 0x00000280b4f06590
Event: 99.037 Thread 0x00000280c84050f0 flushing  nmethod 0x00000280b508fd90
Event: 99.037 Thread 0x00000280c84050f0 flushing  nmethod 0x00000280b50f5210
Event: 99.037 Thread 0x00000280c84050f0 flushing  nmethod 0x00000280b51a2c90
Event: 99.037 Thread 0x00000280c84050f0 flushing  nmethod 0x00000280b51c9a10

Events (20 events):
Event: 57.828 Thread 0x00000280c849d540 Thread added: 0x00000280ce981a00
Event: 58.134 Thread 0x00000280ce981a00 Thread exited: 0x00000280ce981a00
Event: 58.183 Thread 0x00000280c8511db0 Thread added: 0x00000280ce981a00
Event: 60.073 Thread 0x00000280ce981a00 Thread exited: 0x00000280ce981a00
Event: 82.616 Thread 0x00000280c849d540 Thread added: 0x00000280ce983540
Event: 83.314 Thread 0x00000280ce983540 Thread exited: 0x00000280ce983540
Event: 84.596 Thread 0x00000280c8511db0 Thread added: 0x00000280ce982e70
Event: 84.701 Thread 0x00000280ce982e70 Thread exited: 0x00000280ce982e70
Event: 84.874 Thread 0x00000280cdb5d4a0 Thread added: 0x00000280c863d9a0
Event: 84.875 Thread 0x00000280cdb5d4a0 Thread added: 0x00000280c863e6c0
Event: 84.875 Thread 0x00000280cdb5d4a0 Thread added: 0x00000280c8640100
Event: 84.971 Thread 0x00000280c8511db0 Thread added: 0x00000280ce981a00
Event: 85.414 Thread 0x00000280ce981a00 Thread exited: 0x00000280ce981a00
Event: 89.806 Thread 0x00000280cdb5d4a0 Thread added: 0x00000280c863abb0
Event: 89.806 Thread 0x00000280cdb5d4a0 Thread added: 0x00000280c863f3e0
Event: 89.807 Thread 0x00000280cdb5d4a0 Thread added: 0x00000280c863fa70
Event: 90.416 Thread 0x00000280c849d540 Thread added: 0x00000280ce983c10
Event: 90.964 Thread 0x00000280ce983c10 Thread exited: 0x00000280ce983c10
Event: 96.336 Thread 0x00000280c8511db0 Thread added: 0x00000280ce983c10
Event: 97.551 Thread 0x00000280ce983c10 Thread exited: 0x00000280ce983c10


Dynamic libraries:
0x00007ff6f6d30000 - 0x00007ff6f6d3a000 	C:\Program Files\Android\Android Studio\jbr\bin\java.exe
0x00007ffe7c7b0000 - 0x00007ffe7c9a8000 	C:\Windows\SYSTEM32\ntdll.dll
0x00007ffe7b5f0000 - 0x00007ffe7b6b2000 	C:\Windows\System32\KERNEL32.DLL
0x00007ffe7a3e0000 - 0x00007ffe7a6d6000 	C:\Windows\System32\KERNELBASE.dll
0x00007ffe79f10000 - 0x00007ffe7a010000 	C:\Windows\System32\ucrtbase.dll
0x00007ffe673f0000 - 0x00007ffe6740b000 	C:\Program Files\Android\Android Studio\jbr\bin\VCRUNTIME140.dll
0x00007ffe56460000 - 0x00007ffe56478000 	C:\Program Files\Android\Android Studio\jbr\bin\jli.dll
0x00007ffe7b780000 - 0x00007ffe7b91d000 	C:\Windows\System32\USER32.dll
0x00007ffe79e30000 - 0x00007ffe79e52000 	C:\Windows\System32\win32u.dll
0x00007ffe7c740000 - 0x00007ffe7c76b000 	C:\Windows\System32\GDI32.dll
0x00007ffe7a2c0000 - 0x00007ffe7a3da000 	C:\Windows\System32\gdi32full.dll
0x00007ffe7a170000 - 0x00007ffe7a20d000 	C:\Windows\System32\msvcp_win.dll
0x00007ffe6fc00000 - 0x00007ffe6fe9a000 	C:\Windows\WinSxS\amd64_microsoft.windows.common-controls_6595b64144ccf1df_6.0.19041.4355_none_60b8b9eb71f62e16\COMCTL32.dll
0x00007ffe7c500000 - 0x00007ffe7c59e000 	C:\Windows\System32\msvcrt.dll
0x00007ffe7c430000 - 0x00007ffe7c45f000 	C:\Windows\System32\IMM32.DLL
0x00007ffe6a200000 - 0x00007ffe6a20c000 	C:\Program Files\Android\Android Studio\jbr\bin\vcruntime140_1.dll
0x00007ffe4c820000 - 0x00007ffe4c8ad000 	C:\Program Files\Android\Android Studio\jbr\bin\msvcp140.dll
0x00007ffe41a80000 - 0x00007ffe4270a000 	C:\Program Files\Android\Android Studio\jbr\bin\server\jvm.dll
0x00007ffe7b6c0000 - 0x00007ffe7b771000 	C:\Windows\System32\ADVAPI32.dll
0x00007ffe7c460000 - 0x00007ffe7c4ff000 	C:\Windows\System32\sechost.dll
0x00007ffe7bdf0000 - 0x00007ffe7bf13000 	C:\Windows\System32\RPCRT4.dll
0x00007ffe7a210000 - 0x00007ffe7a237000 	C:\Windows\System32\bcrypt.dll
0x00007ffe7bc70000 - 0x00007ffe7bcdb000 	C:\Windows\System32\WS2_32.dll
0x00007ffe79c90000 - 0x00007ffe79cdb000 	C:\Windows\SYSTEM32\POWRPROF.dll
0x00007ffe71450000 - 0x00007ffe71477000 	C:\Windows\SYSTEM32\WINMM.dll
0x00007ffe74610000 - 0x00007ffe7461a000 	C:\Windows\SYSTEM32\VERSION.dll
0x00007ffe79c70000 - 0x00007ffe79c82000 	C:\Windows\SYSTEM32\UMPDC.dll
0x00007ffe77cd0000 - 0x00007ffe77ce2000 	C:\Windows\SYSTEM32\kernel.appcore.dll
0x00007ffe68710000 - 0x00007ffe6871a000 	C:\Program Files\Android\Android Studio\jbr\bin\jimage.dll
0x00007ffe68390000 - 0x00007ffe68574000 	C:\Windows\SYSTEM32\DBGHELP.DLL
0x00007ffe5c310000 - 0x00007ffe5c344000 	C:\Windows\SYSTEM32\dbgcore.DLL
0x00007ffe7a6e0000 - 0x00007ffe7a762000 	C:\Windows\System32\bcryptPrimitives.dll
0x00007ffe63070000 - 0x00007ffe6307e000 	C:\Program Files\Android\Android Studio\jbr\bin\instrument.dll
0x00007ffe66f40000 - 0x00007ffe66f60000 	C:\Program Files\Android\Android Studio\jbr\bin\java.dll
0x00007ffe664e0000 - 0x00007ffe664f8000 	C:\Program Files\Android\Android Studio\jbr\bin\zip.dll
0x00007ffe7a910000 - 0x00007ffe7b07f000 	C:\Windows\System32\SHELL32.dll
0x00007ffe77ed0000 - 0x00007ffe78673000 	C:\Windows\SYSTEM32\windows.storage.dll
0x00007ffe7bf20000 - 0x00007ffe7c275000 	C:\Windows\System32\combase.dll
0x00007ffe79790000 - 0x00007ffe797bb000 	C:\Windows\SYSTEM32\Wldp.dll
0x00007ffe7a7c0000 - 0x00007ffe7a88d000 	C:\Windows\System32\OLEAUT32.dll
0x00007ffe7bbc0000 - 0x00007ffe7bc6d000 	C:\Windows\System32\SHCORE.dll
0x00007ffe7c6e0000 - 0x00007ffe7c735000 	C:\Windows\System32\shlwapi.dll
0x00007ffe79d60000 - 0x00007ffe79d85000 	C:\Windows\SYSTEM32\profapi.dll
0x00007ffe66f30000 - 0x00007ffe66f40000 	C:\Program Files\Android\Android Studio\jbr\bin\net.dll
0x00007ffe73da0000 - 0x00007ffe73eaa000 	C:\Windows\SYSTEM32\WINHTTP.dll
0x00007ffe794f0000 - 0x00007ffe7955c000 	C:\Windows\system32\mswsock.dll
0x00007ffe664c0000 - 0x00007ffe664d6000 	C:\Program Files\Android\Android Studio\jbr\bin\nio.dll
0x00007ffe63040000 - 0x00007ffe63050000 	C:\Program Files\Android\Android Studio\jbr\bin\verify.dll
0x00007ffe6a740000 - 0x00007ffe6a767000 	C:\Users\alivi\.gradle\native\c067742578af261105cb4f569cf0c3c89f3d7b1fecec35dd04571415982c5e48\windows-amd64\native-platform.dll
0x00007ffe49e20000 - 0x00007ffe49f64000 	C:\Users\alivi\.gradle\native\100fb08df4bc3b14c8652ba06237920a3bd2aa13389f12d3474272988ae205f9\windows-amd64\native-platform-file-events.dll
0x00007ffe664a0000 - 0x00007ffe664a9000 	C:\Program Files\Android\Android Studio\jbr\bin\management.dll
0x00007ffe63060000 - 0x00007ffe6306b000 	C:\Program Files\Android\Android Studio\jbr\bin\management_ext.dll
0x00007ffe7c5a0000 - 0x00007ffe7c5a8000 	C:\Windows\System32\PSAPI.DLL
0x00007ffe796e0000 - 0x00007ffe796f8000 	C:\Windows\SYSTEM32\CRYPTSP.dll
0x00007ffe78e10000 - 0x00007ffe78e48000 	C:\Windows\system32\rsaenh.dll
0x00007ffe79ce0000 - 0x00007ffe79d0e000 	C:\Windows\SYSTEM32\USERENV.dll
0x00007ffe79700000 - 0x00007ffe7970c000 	C:\Windows\SYSTEM32\CRYPTBASE.dll
0x00007ffe791d0000 - 0x00007ffe7920b000 	C:\Windows\SYSTEM32\IPHLPAPI.DLL
0x00007ffe7c5b0000 - 0x00007ffe7c5b8000 	C:\Windows\System32\NSI.dll
0x00007ffe664b0000 - 0x00007ffe664b9000 	C:\Program Files\Android\Android Studio\jbr\bin\extnet.dll
0x00007ffe31d90000 - 0x00007ffe31d97000 	C:\Windows\system32\wshunix.dll
0x00007ffe79060000 - 0x00007ffe79093000 	C:\Windows\SYSTEM32\ntmarta.dll

dbghelp: loaded successfully - version: 4.0.5 - missing functions: none
symbol engine: initialized successfully - sym options: 0x614 - pdb path: .;C:\Program Files\Android\Android Studio\jbr\bin;C:\Windows\SYSTEM32;C:\Windows\WinSxS\amd64_microsoft.windows.common-controls_6595b64144ccf1df_6.0.19041.4355_none_60b8b9eb71f62e16;C:\Program Files\Android\Android Studio\jbr\bin\server;C:\Users\alivi\.gradle\native\c067742578af261105cb4f569cf0c3c89f3d7b1fecec35dd04571415982c5e48\windows-amd64;C:\Users\alivi\.gradle\native\100fb08df4bc3b14c8652ba06237920a3bd2aa13389f12d3474272988ae205f9\windows-amd64

VM Arguments:
jvm_args: -XX:MaxMetaspaceSize=512m --add-opens=java.base/java.util=ALL-UNNAMED --add-opens=java.base/java.lang=ALL-UNNAMED --add-opens=java.base/java.lang.invoke=ALL-UNNAMED --add-opens=java.prefs/java.util.prefs=ALL-UNNAMED --add-exports=jdk.compiler/com.sun.tools.javac.api=ALL-UNNAMED --add-exports=jdk.compiler/com.sun.tools.javac.util=ALL-UNNAMED --add-opens=java.base/java.nio.charset=ALL-UNNAMED --add-opens=java.base/java.net=ALL-UNNAMED --add-opens=java.base/java.util.concurrent.atomic=ALL-UNNAMED -Xmx2048m -Dfile.encoding=UTF-8 -Duser.country=US -Duser.language=en -Duser.variant -javaagent:C:\Users\alivi\.gradle\wrapper\dists\gradle-8.10.2-all\7iv73wktx1xtkvlq19urqw1wm\gradle-8.10.2\lib\agents\gradle-instrumentation-agent-8.10.2.jar 
java_command: org.gradle.launcher.daemon.bootstrap.GradleDaemon 8.10.2
java_class_path (initial): C:\Users\alivi\.gradle\wrapper\dists\gradle-8.10.2-all\7iv73wktx1xtkvlq19urqw1wm\gradle-8.10.2\lib\gradle-daemon-main-8.10.2.jar
Launcher Type: SUN_STANDARD

[Global flags]
     intx CICompilerCount                          = 3                                         {product} {ergonomic}
   size_t CompressedClassSpaceSize                 = 436207616                                 {product} {ergonomic}
     uint ConcGCThreads                            = 1                                         {product} {ergonomic}
     uint G1ConcRefinementThreads                  = 4                                         {product} {ergonomic}
   size_t G1HeapRegionSize                         = 1048576                                   {product} {ergonomic}
    uintx GCDrainStackTargetSize                   = 64                                        {product} {ergonomic}
   size_t InitialHeapSize                          = 268435456                                 {product} {ergonomic}
   size_t MarkStackSize                            = 4194304                                   {product} {ergonomic}
   size_t MaxHeapSize                              = 2147483648                                {product} {command line}
   size_t MaxMetaspaceSize                         = 536870912                                 {product} {command line}
   size_t MaxNewSize                               = 1287651328                                {product} {ergonomic}
   size_t MinHeapDeltaBytes                        = 1048576                                   {product} {ergonomic}
   size_t MinHeapSize                              = 8388608                                   {product} {ergonomic}
    uintx NonNMethodCodeHeapSize                   = 5832780                                {pd product} {ergonomic}
    uintx NonProfiledCodeHeapSize                  = 122912730                              {pd product} {ergonomic}
    uintx ProfiledCodeHeapSize                     = 122912730                              {pd product} {ergonomic}
    uintx ReservedCodeCacheSize                    = 251658240                              {pd product} {ergonomic}
     bool SegmentedCodeCache                       = true                                      {product} {ergonomic}
   size_t SoftMaxHeapSize                          = 2147483648                             {manageable} {ergonomic}
     bool UseCompressedOops                        = true                           {product lp64_product} {ergonomic}
     bool UseG1GC                                  = true                                      {product} {ergonomic}
     bool UseLargePagesIndividualAllocation        = false                                  {pd product} {ergonomic}

Logging:
Log output configuration:
 #0: stdout all=warning uptime,level,tags foldmultilines=false
 #1: stderr all=off uptime,level,tags foldmultilines=false

Environment Variables:
JAVA_HOME=C:\Program Files\Microsoft\jdk-17.0.14.7-hotspot\
PATH=C:\Program Files\Microsoft\jdk-17.0.14.7-hotspot\bin;c:\Users\alivi\AppData\Local\Programs\cursor\resources\app\bin;C:\Program Files\Google\Chrome\Application;C:\Windows\system32;C:\Windows;C:\Windows\System32\Wbem;C:\Windows\System32\WindowsPowerShell\v1.0\;C:\Windows\System32\OpenSSH\;C:\Program Files\Microsoft SQL Server\150\Tools\Binn\;C:\Program Files\Microsoft SQL Server\Client SDK\ODBC\170\Tools\Binn\;C:\Program Files\dotnet\;C:\Program Files (x86)\Microsoft SQL Server\160\Tools\Binn\;C:\Program Files\Microsoft SQL Server\160\Tools\Binn\;C:\Program Files\Microsoft SQL Server\160\DTS\Binn\;C:\Program Files (x86)\Microsoft SQL Server\160\DTS\Binn\;C:\Program Files\Git\cmd;C:\Program Files\nodejs\;C:\Users\alivi\AppData\Local\Microsoft\WindowsApps;C:\Users\alivi\.dotnet\tools;C:\Users\alivi\AppData\Roaming\npm;c:\Users\alivi\AppData\Local\Programs\cursor\resources\app\bin;C:\ProgramData\chocolatey\bin;C:\Users\alivi\AppData\Local\Android\Sdk\platform-tools;C:\Users\alivi\AppData\Local\Microsoft\WindowsApps;C:\Users\alivi\.dotnet\tools;C:\Users\alivi\AppData\Roaming\npm;C:\Users\alivi\AppData\Local\Programs\Microsoft VS Code\bin;C:\Users\alivi\AppData\Local\Programs\cursor\resources\app\bin
USERNAME=alivi
OS=Windows_NT
PROCESSOR_IDENTIFIER=Intel64 Family 6 Model 94 Stepping 3, GenuineIntel
TMP=C:\Users\alivi\AppData\Local\Temp
TEMP=C:\Users\alivi\AppData\Local\Temp




Periodic native trim disabled

JNI global refs:
JNI global refs: 26, weak refs: 0

JNI global refs memory usage: 835, weak refs: 833

Process memory usage:
Resident Set Size: 429368K (2% of 16662384K total physical memory with 1621204K free physical memory)

OOME stack traces (most recent first):
Classloader memory used:
Loader org.gradle.internal.classloader.VisitableURLClassLoader                         : 34034K
Loader bootstrap                                                                       : 22848K
Loader org.gradle.initialization.MixInLegacyTypesClassLoader                           : 6450K
Loader org.gradle.internal.classloader.VisitableURLClassLoader                         : 726K
Loader jdk.internal.loader.ClassLoaders$PlatformClassLoader                            : 505K
Loader jdk.internal.loader.ClassLoaders$AppClassLoader                                 : 234K
Loader jdk.internal.reflect.DelegatingClassLoader                                      : 161K
Loader org.gradle.groovy.scripts.internal.DefaultScriptCompilationHandler$ScriptClassLoader: 72392B
Loader org.codehaus.groovy.runtime.callsite.CallSiteClassLoader                        : 18528B

Classes loaded by more than one classloader:
Class org.gradle.api.GradleException                                                  : loaded 3 times (x 78B)
Class org.gradle.internal.classloader.FilteringClassLoader                            : loaded 2 times (x 101B)
Class org.gradle.internal.classloader.ClassLoaderHierarchy                            : loaded 2 times (x 66B)
Class org.gradle.api.internal.classpath.ManifestUtil                                  : loaded 2 times (x 67B)
Class org.gradle.internal.operations.MultipleBuildOperationFailures                   : loaded 2 times (x 91B)
Class org.gradle.internal.classloader.DefaultClassLoaderFactory                       : loaded 2 times (x 78B)
Class kotlin.collections.AbstractList$Companion                                       : loaded 2 times (x 67B)
Class org.gradle.internal.classloader.ClassLoaderVisitor                              : loaded 2 times (x 72B)
Class org.gradle.api.internal.classpath.EffectiveClassPath                            : loaded 2 times (x 86B)
Class org.gradle.api.internal.DefaultClassPathProvider                                : loaded 2 times (x 72B)
Class [Lorg.gradle.api.internal.ClassPathProvider;                                    : loaded 2 times (x 65B)
Class org.gradle.api.internal.ClassPathProvider                                       : loaded 2 times (x 66B)
Class org.gradle.internal.service.UnknownServiceException                             : loaded 2 times (x 79B)
Class org.gradle.internal.classpath.TransformedClassPath                              : loaded 2 times (x 92B)
Class org.gradle.internal.classloader.InstrumentingClassLoader                        : loaded 2 times (x 66B)
Class kotlin.enums.EnumEntriesList                                                    : loaded 2 times (x 219B)
Class org.gradle.internal.service.ServiceLocator                                      : loaded 2 times (x 66B)
Class org.gradle.internal.InternalTransformer                                         : loaded 2 times (x 66B)
Class org.gradle.internal.time.DefaultTimer                                           : loaded 2 times (x 76B)
Class org.gradle.internal.classloader.ClasspathUtil$1                                 : loaded 2 times (x 72B)
Class org.gradle.api.internal.classpath.DefaultModuleRegistry$DefaultModule           : loaded 2 times (x 82B)
Class org.gradle.internal.time.DefaultCountdownTimer                                  : loaded 2 times (x 84B)
Class kotlin.Function                                                                 : loaded 2 times (x 66B)
Class org.gradle.api.internal.classpath.Module                                        : loaded 2 times (x 66B)
Class org.gradle.api.internal.classpath.UnknownModuleException                        : loaded 2 times (x 78B)
Class org.gradle.api.internal.DefaultClassPathRegistry                                : loaded 2 times (x 72B)
Class org.gradle.api.internal.ClassPathRegistry                                       : loaded 2 times (x 66B)
Class org.gradle.internal.classpath.DefaultClassPath$ImmutableUniqueList              : loaded 2 times (x 195B)
Class org.gradle.internal.classpath.ClassPath                                         : loaded 2 times (x 66B)
Class org.gradle.api.UncheckedIOException                                             : loaded 2 times (x 78B)
Class kotlin.UninitializedPropertyAccessException                                     : loaded 2 times (x 78B)
Class org.gradle.internal.installation.GradleInstallation$1                           : loaded 2 times (x 71B)
Class org.gradle.api.internal.classpath.ModuleRegistry                                : loaded 2 times (x 66B)
Class org.gradle.api.internal.classpath.DefaultModuleRegistry                         : loaded 2 times (x 82B)
Class sync_studio_tooling1_3j3grni897bjbm8mjkjhbsxds                                  : loaded 2 times (x 175B)
Class org.gradle.internal.time.MonotonicClock                                         : loaded 2 times (x 73B)
Class org.gradle.internal.service.ServiceLookupException                              : loaded 2 times (x 78B)
Class org.gradle.internal.classloader.ClassLoaderFactory                              : loaded 2 times (x 66B)
Class org.gradle.internal.service.CachingServiceLocator                               : loaded 2 times (x 78B)
Class org.gradle.internal.time.TimeSource                                             : loaded 2 times (x 66B)
Class kotlin.enums.EnumEntries                                                        : loaded 2 times (x 66B)
Class org.gradle.internal.exceptions.ResolutionProvider                               : loaded 2 times (x 66B)
Class org.gradle.internal.classloader.ClasspathUtil                                   : loaded 2 times (x 67B)
Class org.gradle.internal.time.TimeSource$1                                           : loaded 2 times (x 73B)
Class org.gradle.api.specs.Spec                                                       : loaded 2 times (x 66B)
Class org.gradle.internal.time.Clock                                                  : loaded 2 times (x 66B)
Class kotlin.collections.AbstractList                                                 : loaded 2 times (x 193B)
Class kotlin.collections.AbstractCollection                                           : loaded 2 times (x 113B)
Class org.gradle.internal.classloader.VisitableURLClassLoader$InstrumentingVisitableURLClassLoader: loaded 2 times (x 119B)
Class org.gradle.internal.classloader.VisitableURLClassLoader$Spec                    : loaded 2 times (x 70B)
Class org.gradle.internal.classpath.DefaultClassPath                                  : loaded 2 times (x 86B)
Class org.gradle.internal.classloader.ClassLoaderSpec                                 : loaded 2 times (x 67B)
Class org.gradle.internal.classloader.VisitableURLClassLoader                         : loaded 2 times (x 113B)
Class org.gradle.internal.Cast                                                        : loaded 2 times (x 67B)
Class org.gradle.api.Action                                                           : loaded 2 times (x 66B)
Class org.gradle.internal.classpath.DefaultClassPath$ImmutableUniqueList$Builder      : loaded 2 times (x 71B)
Class kotlin.NotImplementedError                                                      : loaded 2 times (x 78B)
Class org.gradle.internal.exceptions.NonGradleCauseExceptionsHolder                   : loaded 2 times (x 66B)
Class kotlin.enums.EnumEntriesKt                                                      : loaded 2 times (x 67B)
Class org.gradle.internal.IoActions                                                   : loaded 2 times (x 67B)
Class org.gradle.internal.classloader.SystemClassLoaderSpec                           : loaded 2 times (x 67B)
Class org.gradle.internal.exceptions.MultiCauseException                              : loaded 2 times (x 66B)
Class org.gradle.internal.time.CountdownTimer                                         : loaded 2 times (x 66B)
Class kotlin.jvm.internal.Intrinsics                                                  : loaded 2 times (x 67B)
Class org.gradle.tooling.model.ProjectModel                                           : loaded 2 times (x 66B)
Class kotlin.KotlinNullPointerException                                               : loaded 2 times (x 79B)
Class org.gradle.internal.exceptions.DefaultMultiCauseException                       : loaded 2 times (x 91B)
Class org.gradle.internal.time.Time                                                   : loaded 2 times (x 67B)
Class org.gradle.api.internal.classpath.GlobalCacheRootsProvider                      : loaded 2 times (x 66B)
Class org.gradle.internal.time.Timer                                                  : loaded 2 times (x 66B)
Class kotlin.jvm.internal.markers.KMappedMarker                                       : loaded 2 times (x 66B)
Class org.gradle.internal.installation.CurrentGradleInstallationLocator               : loaded 2 times (x 67B)
Class org.gradle.internal.service.DefaultServiceLocator                               : loaded 2 times (x 79B)
Class org.gradle.util.GradleVersion                                                   : loaded 2 times (x 79B)
Class org.gradle.internal.installation.CurrentGradleInstallation                      : loaded 2 times (x 69B)
Class org.gradle.util.internal.GUtil                                                  : loaded 2 times (x 67B)
Class org.gradle.internal.installation.GradleInstallation                             : loaded 2 times (x 71B)

---------------  S Y S T E M  ---------------

OS:
 Windows 10 , 64 bit Build 19041 (10.0.19041.5678)
OS uptime: 3 days 3:55 hours

CPU: total 4 (initial active 4) (4 cores per cpu, 1 threads per core) family 6 model 94 stepping 3 microcode 0xf0, cx8, cmov, fxsr, mmx, 3dnowpref, sse, sse2, sse3, ssse3, sse4.1, sse4.2, popcnt, lzcnt, tsc, tscinvbit, avx, avx2, aes, erms, clmul, bmi1, bmi2, adx, fma, vzeroupper, clflush, clflushopt, rdtscp, f16c
Processor Information for all 4 processors :
  Max Mhz: 2712, Current Mhz: 2712, Mhz Limit: 2712

Memory: 4k page, system-wide physical 16271M (1583M free)
TotalPageFile size 46718M (AvailPageFile size 28M)
current process WorkingSet (physical memory assigned to process): 419M, peak: 438M
current process commit charge ("private bytes"): 451M, peak: 545M

vm_info: OpenJDK 64-Bit Server VM (21.0.5+-12932927-b750.29) for windows-amd64 JRE (21.0.5+-12932927-b750.29), built on 2025-01-17T02:01:10Z by "builder" with MS VC++ 16.10 / 16.11 (VS2019)

END.
